This is pdfTeX, Version 3.141592653-2.6-1.40.26 (TeX Live 2024) (preloaded format=pdflatex 2025.3.3)  31 AUG 2025 20:15
entering extended mode
 restricted \write18 enabled.
 %&-line parsing enabled.
**ApunteSeguridadTI2025_v202502-agosto.tex
(./ApunteSeguridadTI2025_v202502-agosto.tex
LaTeX2e <2023-11-01> patch level 1
L3 programming layer <2024-02-20>
(/usr/local/texlive/2024/texmf-dist/tex/latex/base/book.cls
Document Class: book 2023/05/17 v1.4n Standard LaTeX document class
(/usr/local/texlive/2024/texmf-dist/tex/latex/base/fleqn.clo
File: fleqn.clo 2016/12/29 v1.2b Standard LaTeX option (flush left equations)
\mathindent=\skip48
Applying: [2015/01/01] Make \[ robust on input line 50.
LaTeX Info: Redefining \[ on input line 51.
Already applied: [0000/00/00] Make \[ robust on input line 62.
Applying: [2015/01/01] Make \] robust on input line 74.
LaTeX Info: Redefining \] on input line 75.
Already applied: [0000/00/00] Make \] robust on input line 83.
)
(/usr/local/texlive/2024/texmf-dist/tex/latex/base/bk11.clo
File: bk11.clo 2023/05/17 v1.4n Standard LaTeX file (size option)
)
\c@part=\count188
\c@chapter=\count189
\c@section=\count190
\c@subsection=\count191
\c@subsubsection=\count192
\c@paragraph=\count193
\c@subparagraph=\count194
\c@figure=\count195
\c@table=\count196
\abovecaptionskip=\skip49
\belowcaptionskip=\skip50
\bibindent=\dimen140
)
(/usr/local/texlive/2024/texmf-dist/tex/latex/wrapfig/wrapfig.sty
\wrapoverhang=\dimen141
\WF@size=\dimen142
\c@WF@wrappedlines=\count197
\WF@box=\box51
\WF@everypar=\toks17
Package: wrapfig 2003/01/31  v 3.6
)
(/usr/local/texlive/2024/texmf-dist/tex/latex/caption/subcaption.sty
Package: subcaption 2023/07/28 v1.6b Sub-captions (AR)

(/usr/local/texlive/2024/texmf-dist/tex/latex/caption/caption.sty
Package: caption 2023/08/05 v3.6o Customizing captions (AR)

(/usr/local/texlive/2024/texmf-dist/tex/latex/caption/caption3.sty
Package: caption3 2023/07/31 v2.4d caption3 kernel (AR)

(/usr/local/texlive/2024/texmf-dist/tex/latex/graphics/keyval.sty
Package: keyval 2022/05/29 v1.15 key=value parser (DPC)
\KV@toks@=\toks18
)
\caption@tempdima=\dimen143
\captionmargin=\dimen144
\caption@leftmargin=\dimen145
\caption@rightmargin=\dimen146
\caption@width=\dimen147
\caption@indent=\dimen148
\caption@parindent=\dimen149
\caption@hangindent=\dimen150
Package caption Info: Standard document class detected.
)
\c@caption@flags=\count198
\c@continuedfloat=\count199
Package caption Info: wrapfig package is loaded.
)
Package caption Info: New subtype `subfigure' on input line 238.
\c@subfigure=\count266
Package caption Info: New subtype `subtable' on input line 238.
\c@subtable=\count267
)
(/usr/local/texlive/2024/texmf-dist/tex/latex/xcolor/xcolor.sty
Package: xcolor 2023/11/15 v3.01 LaTeX color extensions (UK)

(/usr/local/texlive/2024/texmf-dist/tex/latex/graphics-cfg/color.cfg
File: color.cfg 2016/01/02 v1.6 sample color configuration
)
Package xcolor Info: Driver file: pdftex.def on input line 274.

(/usr/local/texlive/2024/texmf-dist/tex/latex/graphics-def/pdftex.def
File: pdftex.def 2022/09/22 v1.2b Graphics/color driver for pdftex
)
(/usr/local/texlive/2024/texmf-dist/tex/latex/graphics/mathcolor.ltx)
Package xcolor Info: Model `cmy' substituted by `cmy0' on input line 1350.
Package xcolor Info: Model `hsb' substituted by `rgb' on input line 1354.
Package xcolor Info: Model `RGB' extended on input line 1366.
Package xcolor Info: Model `HTML' substituted by `rgb' on input line 1368.
Package xcolor Info: Model `Hsb' substituted by `hsb' on input line 1369.
Package xcolor Info: Model `tHsb' substituted by `hsb' on input line 1370.
Package xcolor Info: Model `HSB' substituted by `hsb' on input line 1371.
Package xcolor Info: Model `Gray' substituted by `gray' on input line 1372.
Package xcolor Info: Model `wave' substituted by `hsb' on input line 1373.
)
(/usr/local/texlive/2024/texmf-dist/tex/latex/graphics/dvipsnam.def
File: dvipsnam.def 2016/06/17 v3.0m Driver-dependent file (DPC,SPQR)
)
(/usr/local/texlive/2024/texmf-dist/tex/latex/tcolorbox/tcolorbox.sty
Package: tcolorbox 2024/01/10 version 6.2.0 text color boxes

(/usr/local/texlive/2024/texmf-dist/tex/latex/pgf/basiclayer/pgf.sty
(/usr/local/texlive/2024/texmf-dist/tex/latex/pgf/utilities/pgfrcs.sty
(/usr/local/texlive/2024/texmf-dist/tex/generic/pgf/utilities/pgfutil-common.te
x
\pgfutil@everybye=\toks19
\pgfutil@tempdima=\dimen151
\pgfutil@tempdimb=\dimen152
)
(/usr/local/texlive/2024/texmf-dist/tex/generic/pgf/utilities/pgfutil-latex.def
\pgfutil@abb=\box52
) (/usr/local/texlive/2024/texmf-dist/tex/generic/pgf/utilities/pgfrcs.code.tex
(/usr/local/texlive/2024/texmf-dist/tex/generic/pgf/pgf.revision.tex)
Package: pgfrcs 2023-01-15 v3.1.10 (3.1.10)
))
Package: pgf 2023-01-15 v3.1.10 (3.1.10)

(/usr/local/texlive/2024/texmf-dist/tex/latex/pgf/basiclayer/pgfcore.sty
(/usr/local/texlive/2024/texmf-dist/tex/latex/graphics/graphicx.sty
Package: graphicx 2021/09/16 v1.2d Enhanced LaTeX Graphics (DPC,SPQR)

(/usr/local/texlive/2024/texmf-dist/tex/latex/graphics/graphics.sty
Package: graphics 2022/03/10 v1.4e Standard LaTeX Graphics (DPC,SPQR)

(/usr/local/texlive/2024/texmf-dist/tex/latex/graphics/trig.sty
Package: trig 2021/08/11 v1.11 sin cos tan (DPC)
)
(/usr/local/texlive/2024/texmf-dist/tex/latex/graphics-cfg/graphics.cfg
File: graphics.cfg 2016/06/04 v1.11 sample graphics configuration
)
Package graphics Info: Driver file: pdftex.def on input line 107.
)
\Gin@req@height=\dimen153
\Gin@req@width=\dimen154
)
(/usr/local/texlive/2024/texmf-dist/tex/latex/pgf/systemlayer/pgfsys.sty
(/usr/local/texlive/2024/texmf-dist/tex/generic/pgf/systemlayer/pgfsys.code.tex
Package: pgfsys 2023-01-15 v3.1.10 (3.1.10)
(/usr/local/texlive/2024/texmf-dist/tex/generic/pgf/utilities/pgfkeys.code.tex
\pgfkeys@pathtoks=\toks20
\pgfkeys@temptoks=\toks21

(/usr/local/texlive/2024/texmf-dist/tex/generic/pgf/utilities/pgfkeyslibraryfil
tered.code.tex
\pgfkeys@tmptoks=\toks22
))
\pgf@x=\dimen155
\pgf@y=\dimen156
\pgf@xa=\dimen157
\pgf@ya=\dimen158
\pgf@xb=\dimen159
\pgf@yb=\dimen160
\pgf@xc=\dimen161
\pgf@yc=\dimen162
\pgf@xd=\dimen163
\pgf@yd=\dimen164
\w@pgf@writea=\write3
\r@pgf@reada=\read2
\c@pgf@counta=\count268
\c@pgf@countb=\count269
\c@pgf@countc=\count270
\c@pgf@countd=\count271
\t@pgf@toka=\toks23
\t@pgf@tokb=\toks24
\t@pgf@tokc=\toks25
\pgf@sys@id@count=\count272

(/usr/local/texlive/2024/texmf-dist/tex/generic/pgf/systemlayer/pgf.cfg
File: pgf.cfg 2023-01-15 v3.1.10 (3.1.10)
)
Driver file for pgf: pgfsys-pdftex.def

(/usr/local/texlive/2024/texmf-dist/tex/generic/pgf/systemlayer/pgfsys-pdftex.d
ef
File: pgfsys-pdftex.def 2023-01-15 v3.1.10 (3.1.10)

(/usr/local/texlive/2024/texmf-dist/tex/generic/pgf/systemlayer/pgfsys-common-p
df.def
File: pgfsys-common-pdf.def 2023-01-15 v3.1.10 (3.1.10)
)))
(/usr/local/texlive/2024/texmf-dist/tex/generic/pgf/systemlayer/pgfsyssoftpath.
code.tex
File: pgfsyssoftpath.code.tex 2023-01-15 v3.1.10 (3.1.10)
\pgfsyssoftpath@smallbuffer@items=\count273
\pgfsyssoftpath@bigbuffer@items=\count274
)
(/usr/local/texlive/2024/texmf-dist/tex/generic/pgf/systemlayer/pgfsysprotocol.
code.tex
File: pgfsysprotocol.code.tex 2023-01-15 v3.1.10 (3.1.10)
))
(/usr/local/texlive/2024/texmf-dist/tex/generic/pgf/basiclayer/pgfcore.code.tex
Package: pgfcore 2023-01-15 v3.1.10 (3.1.10)
(/usr/local/texlive/2024/texmf-dist/tex/generic/pgf/math/pgfmath.code.tex
(/usr/local/texlive/2024/texmf-dist/tex/generic/pgf/math/pgfmathutil.code.tex)
(/usr/local/texlive/2024/texmf-dist/tex/generic/pgf/math/pgfmathparser.code.tex
\pgfmath@dimen=\dimen165
\pgfmath@count=\count275
\pgfmath@box=\box53
\pgfmath@toks=\toks26
\pgfmath@stack@operand=\toks27
\pgfmath@stack@operation=\toks28
)
(/usr/local/texlive/2024/texmf-dist/tex/generic/pgf/math/pgfmathfunctions.code.
tex)
(/usr/local/texlive/2024/texmf-dist/tex/generic/pgf/math/pgfmathfunctions.basic
.code.tex)
(/usr/local/texlive/2024/texmf-dist/tex/generic/pgf/math/pgfmathfunctions.trigo
nometric.code.tex)
(/usr/local/texlive/2024/texmf-dist/tex/generic/pgf/math/pgfmathfunctions.rando
m.code.tex)
(/usr/local/texlive/2024/texmf-dist/tex/generic/pgf/math/pgfmathfunctions.compa
rison.code.tex)
(/usr/local/texlive/2024/texmf-dist/tex/generic/pgf/math/pgfmathfunctions.base.
code.tex)
(/usr/local/texlive/2024/texmf-dist/tex/generic/pgf/math/pgfmathfunctions.round
.code.tex)
(/usr/local/texlive/2024/texmf-dist/tex/generic/pgf/math/pgfmathfunctions.misc.
code.tex)
(/usr/local/texlive/2024/texmf-dist/tex/generic/pgf/math/pgfmathfunctions.integ
erarithmetics.code.tex)
(/usr/local/texlive/2024/texmf-dist/tex/generic/pgf/math/pgfmathcalc.code.tex)
(/usr/local/texlive/2024/texmf-dist/tex/generic/pgf/math/pgfmathfloat.code.tex
\c@pgfmathroundto@lastzeros=\count276
)) (/usr/local/texlive/2024/texmf-dist/tex/generic/pgf/math/pgfint.code.tex)
(/usr/local/texlive/2024/texmf-dist/tex/generic/pgf/basiclayer/pgfcorepoints.co
de.tex
File: pgfcorepoints.code.tex 2023-01-15 v3.1.10 (3.1.10)
\pgf@picminx=\dimen166
\pgf@picmaxx=\dimen167
\pgf@picminy=\dimen168
\pgf@picmaxy=\dimen169
\pgf@pathminx=\dimen170
\pgf@pathmaxx=\dimen171
\pgf@pathminy=\dimen172
\pgf@pathmaxy=\dimen173
\pgf@xx=\dimen174
\pgf@xy=\dimen175
\pgf@yx=\dimen176
\pgf@yy=\dimen177
\pgf@zx=\dimen178
\pgf@zy=\dimen179
)
(/usr/local/texlive/2024/texmf-dist/tex/generic/pgf/basiclayer/pgfcorepathconst
ruct.code.tex
File: pgfcorepathconstruct.code.tex 2023-01-15 v3.1.10 (3.1.10)
\pgf@path@lastx=\dimen180
\pgf@path@lasty=\dimen181
)
(/usr/local/texlive/2024/texmf-dist/tex/generic/pgf/basiclayer/pgfcorepathusage
.code.tex
File: pgfcorepathusage.code.tex 2023-01-15 v3.1.10 (3.1.10)
\pgf@shorten@end@additional=\dimen182
\pgf@shorten@start@additional=\dimen183
)
(/usr/local/texlive/2024/texmf-dist/tex/generic/pgf/basiclayer/pgfcorescopes.co
de.tex
File: pgfcorescopes.code.tex 2023-01-15 v3.1.10 (3.1.10)
\pgfpic=\box54
\pgf@hbox=\box55
\pgf@layerbox@main=\box56
\pgf@picture@serial@count=\count277
)
(/usr/local/texlive/2024/texmf-dist/tex/generic/pgf/basiclayer/pgfcoregraphicst
ate.code.tex
File: pgfcoregraphicstate.code.tex 2023-01-15 v3.1.10 (3.1.10)
\pgflinewidth=\dimen184
)
(/usr/local/texlive/2024/texmf-dist/tex/generic/pgf/basiclayer/pgfcoretransform
ations.code.tex
File: pgfcoretransformations.code.tex 2023-01-15 v3.1.10 (3.1.10)
\pgf@pt@x=\dimen185
\pgf@pt@y=\dimen186
\pgf@pt@temp=\dimen187
)
(/usr/local/texlive/2024/texmf-dist/tex/generic/pgf/basiclayer/pgfcorequick.cod
e.tex
File: pgfcorequick.code.tex 2023-01-15 v3.1.10 (3.1.10)
)
(/usr/local/texlive/2024/texmf-dist/tex/generic/pgf/basiclayer/pgfcoreobjects.c
ode.tex
File: pgfcoreobjects.code.tex 2023-01-15 v3.1.10 (3.1.10)
)
(/usr/local/texlive/2024/texmf-dist/tex/generic/pgf/basiclayer/pgfcorepathproce
ssing.code.tex
File: pgfcorepathprocessing.code.tex 2023-01-15 v3.1.10 (3.1.10)
)
(/usr/local/texlive/2024/texmf-dist/tex/generic/pgf/basiclayer/pgfcorearrows.co
de.tex
File: pgfcorearrows.code.tex 2023-01-15 v3.1.10 (3.1.10)
\pgfarrowsep=\dimen188
)
(/usr/local/texlive/2024/texmf-dist/tex/generic/pgf/basiclayer/pgfcoreshade.cod
e.tex
File: pgfcoreshade.code.tex 2023-01-15 v3.1.10 (3.1.10)
\pgf@max=\dimen189
\pgf@sys@shading@range@num=\count278
\pgf@shadingcount=\count279
)
(/usr/local/texlive/2024/texmf-dist/tex/generic/pgf/basiclayer/pgfcoreimage.cod
e.tex
File: pgfcoreimage.code.tex 2023-01-15 v3.1.10 (3.1.10)
)
(/usr/local/texlive/2024/texmf-dist/tex/generic/pgf/basiclayer/pgfcoreexternal.
code.tex
File: pgfcoreexternal.code.tex 2023-01-15 v3.1.10 (3.1.10)
\pgfexternal@startupbox=\box57
)
(/usr/local/texlive/2024/texmf-dist/tex/generic/pgf/basiclayer/pgfcorelayers.co
de.tex
File: pgfcorelayers.code.tex 2023-01-15 v3.1.10 (3.1.10)
)
(/usr/local/texlive/2024/texmf-dist/tex/generic/pgf/basiclayer/pgfcoretranspare
ncy.code.tex
File: pgfcoretransparency.code.tex 2023-01-15 v3.1.10 (3.1.10)
)
(/usr/local/texlive/2024/texmf-dist/tex/generic/pgf/basiclayer/pgfcorepatterns.
code.tex
File: pgfcorepatterns.code.tex 2023-01-15 v3.1.10 (3.1.10)
)
(/usr/local/texlive/2024/texmf-dist/tex/generic/pgf/basiclayer/pgfcorerdf.code.
tex
File: pgfcorerdf.code.tex 2023-01-15 v3.1.10 (3.1.10)
)))
(/usr/local/texlive/2024/texmf-dist/tex/generic/pgf/modules/pgfmoduleshapes.cod
e.tex
File: pgfmoduleshapes.code.tex 2023-01-15 v3.1.10 (3.1.10)
\pgfnodeparttextbox=\box58
)
(/usr/local/texlive/2024/texmf-dist/tex/generic/pgf/modules/pgfmoduleplot.code.
tex
File: pgfmoduleplot.code.tex 2023-01-15 v3.1.10 (3.1.10)
)
(/usr/local/texlive/2024/texmf-dist/tex/latex/pgf/compatibility/pgfcomp-version
-0-65.sty
Package: pgfcomp-version-0-65 2023-01-15 v3.1.10 (3.1.10)
\pgf@nodesepstart=\dimen190
\pgf@nodesepend=\dimen191
)
(/usr/local/texlive/2024/texmf-dist/tex/latex/pgf/compatibility/pgfcomp-version
-1-18.sty
Package: pgfcomp-version-1-18 2023-01-15 v3.1.10 (3.1.10)
)) (/usr/local/texlive/2024/texmf-dist/tex/latex/tools/verbatim.sty
Package: verbatim 2023-11-06 v1.5v LaTeX2e package for verbatim enhancements
\every@verbatim=\toks29
\verbatim@line=\toks30
\verbatim@in@stream=\read3
)
(/usr/local/texlive/2024/texmf-dist/tex/latex/environ/environ.sty
Package: environ 2014/05/04 v0.3 A new way to define environments

(/usr/local/texlive/2024/texmf-dist/tex/latex/trimspaces/trimspaces.sty
Package: trimspaces 2009/09/17 v1.1 Trim spaces around a token list
)
\@envbody=\toks31
)
(/usr/local/texlive/2024/texmf-dist/tex/latex/etoolbox/etoolbox.sty
Package: etoolbox 2020/10/05 v2.5k e-TeX tools for LaTeX (JAW)
\etb@tempcnta=\count280
)
\tcb@titlebox=\box59
\tcb@upperbox=\box60
\tcb@lowerbox=\box61
\tcb@phantombox=\box62
\c@tcbbreakpart=\count281
\c@tcblayer=\count282
\c@tcolorbox@number=\count283
\l__tcobox_tmpa_box=\box63
\l__tcobox_tmpa_dim=\dimen192
\tcb@temp=\box64
\tcb@temp=\box65
\tcb@temp=\box66
\tcb@temp=\box67

(/usr/local/texlive/2024/texmf-dist/tex/latex/tcolorbox/tcbraster.code.tex
Library (tcolorbox): 'tcbraster.code.tex' version '6.2.0'
\c@tcbrastercolumn=\count284
\c@tcbrasterrow=\count285
\c@tcbrasternum=\count286
\c@tcbraster=\count287
) (/usr/local/texlive/2024/texmf-dist/tex/latex/tcolorbox/tcbskins.code.tex
Library (tcolorbox): 'tcbskins.code.tex' version '6.2.0'
(/usr/local/texlive/2024/texmf-dist/tex/latex/pgf/frontendlayer/tikz.sty
(/usr/local/texlive/2024/texmf-dist/tex/latex/pgf/utilities/pgffor.sty
(/usr/local/texlive/2024/texmf-dist/tex/latex/pgf/utilities/pgfkeys.sty
(/usr/local/texlive/2024/texmf-dist/tex/generic/pgf/utilities/pgfkeys.code.tex)
) (/usr/local/texlive/2024/texmf-dist/tex/latex/pgf/math/pgfmath.sty
(/usr/local/texlive/2024/texmf-dist/tex/generic/pgf/math/pgfmath.code.tex))
(/usr/local/texlive/2024/texmf-dist/tex/generic/pgf/utilities/pgffor.code.tex
Package: pgffor 2023-01-15 v3.1.10 (3.1.10)
\pgffor@iter=\dimen193
\pgffor@skip=\dimen194
\pgffor@stack=\toks32
\pgffor@toks=\toks33
))
(/usr/local/texlive/2024/texmf-dist/tex/generic/pgf/frontendlayer/tikz/tikz.cod
e.tex
Package: tikz 2023-01-15 v3.1.10 (3.1.10)

(/usr/local/texlive/2024/texmf-dist/tex/generic/pgf/libraries/pgflibraryplothan
dlers.code.tex
File: pgflibraryplothandlers.code.tex 2023-01-15 v3.1.10 (3.1.10)
\pgf@plot@mark@count=\count288
\pgfplotmarksize=\dimen195
)
\tikz@lastx=\dimen196
\tikz@lasty=\dimen197
\tikz@lastxsaved=\dimen198
\tikz@lastysaved=\dimen199
\tikz@lastmovetox=\dimen256
\tikz@lastmovetoy=\dimen257
\tikzleveldistance=\dimen258
\tikzsiblingdistance=\dimen259
\tikz@figbox=\box68
\tikz@figbox@bg=\box69
\tikz@tempbox=\box70
\tikz@tempbox@bg=\box71
\tikztreelevel=\count289
\tikznumberofchildren=\count290
\tikznumberofcurrentchild=\count291
\tikz@fig@count=\count292

(/usr/local/texlive/2024/texmf-dist/tex/generic/pgf/modules/pgfmodulematrix.cod
e.tex
File: pgfmodulematrix.code.tex 2023-01-15 v3.1.10 (3.1.10)
\pgfmatrixcurrentrow=\count293
\pgfmatrixcurrentcolumn=\count294
\pgf@matrix@numberofcolumns=\count295
)
\tikz@expandcount=\count296

(/usr/local/texlive/2024/texmf-dist/tex/generic/pgf/frontendlayer/tikz/librarie
s/tikzlibrarytopaths.code.tex
File: tikzlibrarytopaths.code.tex 2023-01-15 v3.1.10 (3.1.10)
)))
(/usr/local/texlive/2024/texmf-dist/tex/latex/tikzfill/tikzfill.image.sty
Package: tikzfill.image 2023/08/08 v1.0.1 Image filling library for TikZ

(/usr/local/texlive/2024/texmf-dist/tex/latex/tikzfill/tikzfill-common.sty
Package: tikzfill-common 2023/08/08 v1.0.1 Auxiliary code for tikzfill
)
(/usr/local/texlive/2024/texmf-dist/tex/latex/tikzfill/tikzlibraryfill.image.co
de.tex
File: tikzlibraryfill.image.code.tex 2023/08/08 v1.0.1 Image filling library
\l__tikzfill_img_box=\box72
))
(/usr/local/texlive/2024/texmf-dist/tex/latex/tcolorbox/tcbskinsjigsaw.code.tex
Library (tcolorbox): 'tcbskinsjigsaw.code.tex' version '6.2.0'
))
(/usr/local/texlive/2024/texmf-dist/tex/latex/tcolorbox/tcbbreakable.code.tex
Library (tcolorbox): 'tcbbreakable.code.tex' version '6.2.0'
(/usr/local/texlive/2024/texmf-dist/tex/latex/pdfcol/pdfcol.sty
Package: pdfcol 2022-09-21 v1.7 Handle new color stacks for pdfTeX (HO)

(/usr/local/texlive/2024/texmf-dist/tex/generic/ltxcmds/ltxcmds.sty
Package: ltxcmds 2023-12-04 v1.26 LaTeX kernel commands for general use (HO)
)
(/usr/local/texlive/2024/texmf-dist/tex/generic/infwarerr/infwarerr.sty
Package: infwarerr 2019/12/03 v1.5 Providing info/warning/error messages (HO)
)
(/usr/local/texlive/2024/texmf-dist/tex/generic/iftex/iftex.sty
Package: iftex 2022/02/03 v1.0f TeX engine tests
))
Package pdfcol Info: New color stack `tcb@breakable' = 1 on input line 23.
\tcb@testbox=\box73
\tcb@totalupperbox=\box74
\tcb@totallowerbox=\box75
)
(/usr/local/texlive/2024/texmf-dist/tex/latex/tcolorbox/tcbhooks.code.tex
Library (tcolorbox): 'tcbhooks.code.tex' version '6.2.0'
) (/usr/local/texlive/2024/texmf-dist/tex/latex/tcolorbox/tcbtheorems.code.tex
Library (tcolorbox): 'tcbtheorems.code.tex' version '6.2.0'
(/usr/local/texlive/2024/texmf-dist/tex/latex/amsmath/amsmath.sty
Package: amsmath 2023/05/13 v2.17o AMS math features
\@mathmargin=\skip51

For additional information on amsmath, use the `?' option.
(/usr/local/texlive/2024/texmf-dist/tex/latex/amsmath/amstext.sty
Package: amstext 2021/08/26 v2.01 AMS text

(/usr/local/texlive/2024/texmf-dist/tex/latex/amsmath/amsgen.sty
File: amsgen.sty 1999/11/30 v2.0 generic functions
\@emptytoks=\toks34
\ex@=\dimen260
))
(/usr/local/texlive/2024/texmf-dist/tex/latex/amsmath/amsbsy.sty
Package: amsbsy 1999/11/29 v1.2d Bold Symbols
\pmbraise@=\dimen261
)
(/usr/local/texlive/2024/texmf-dist/tex/latex/amsmath/amsopn.sty
Package: amsopn 2022/04/08 v2.04 operator names
)
\inf@bad=\count297
LaTeX Info: Redefining \frac on input line 234.
\uproot@=\count298
\leftroot@=\count299
LaTeX Info: Redefining \overline on input line 399.
LaTeX Info: Redefining \colon on input line 410.
\classnum@=\count300
\DOTSCASE@=\count301
LaTeX Info: Redefining \ldots on input line 496.
LaTeX Info: Redefining \dots on input line 499.
LaTeX Info: Redefining \cdots on input line 620.
\Mathstrutbox@=\box76
\strutbox@=\box77
LaTeX Info: Redefining \big on input line 722.
LaTeX Info: Redefining \Big on input line 723.
LaTeX Info: Redefining \bigg on input line 724.
LaTeX Info: Redefining \Bigg on input line 725.
\big@size=\dimen262
LaTeX Font Info:    Redeclaring font encoding OML on input line 743.
LaTeX Font Info:    Redeclaring font encoding OMS on input line 744.
\macc@depth=\count302
LaTeX Info: Redefining \bmod on input line 905.
LaTeX Info: Redefining \pmod on input line 910.
LaTeX Info: Redefining \smash on input line 940.
LaTeX Info: Redefining \relbar on input line 970.
LaTeX Info: Redefining \Relbar on input line 971.
\c@MaxMatrixCols=\count303
\dotsspace@=\muskip16
\c@parentequation=\count304
\dspbrk@lvl=\count305
\tag@help=\toks35
\row@=\count306
\column@=\count307
\maxfields@=\count308
\andhelp@=\toks36
\eqnshift@=\dimen263
\alignsep@=\dimen264
\tagshift@=\dimen265
\tagwidth@=\dimen266
\totwidth@=\dimen267
\lineht@=\dimen268
\@envbody=\toks37
\multlinegap=\skip52
\multlinetaggap=\skip53
\mathdisplay@stack=\toks38
LaTeX Info: Redefining \[ on input line 2953.
LaTeX Info: Redefining \] on input line 2954.
))
(/usr/local/texlive/2024/texmf-dist/tex/latex/tcolorbox/tcbfitting.code.tex
Library (tcolorbox): 'tcbfitting.code.tex' version '6.2.0'
\tcbfitdim=\dimen269
\tcb@lowerfitdim=\dimen270
\tcb@upperfitdim=\dimen271
\tcb@cur@hbadness=\count309
)
(/usr/local/texlive/2024/texmf-dist/tex/latex/tcolorbox/tcblistingsutf8.code.te
x
Library (tcolorbox): 'tcblistingsutf8.code.tex' version '6.2.0'
(/usr/local/texlive/2024/texmf-dist/tex/latex/tcolorbox/tcblistings.code.tex
Library (tcolorbox): 'tcblistings.code.tex' version '6.2.0'
(/usr/local/texlive/2024/texmf-dist/tex/latex/listings/listings.sty
\lst@mode=\count310
\lst@gtempboxa=\box78
\lst@token=\toks39
\lst@length=\count311
\lst@currlwidth=\dimen272
\lst@column=\count312
\lst@pos=\count313
\lst@lostspace=\dimen273
\lst@width=\dimen274
\lst@newlines=\count314
\lst@lineno=\count315
\lst@maxwidth=\dimen275

(/usr/local/texlive/2024/texmf-dist/tex/latex/listings/lstpatch.sty
File: lstpatch.sty 2024/02/21 1.10 (Carsten Heinz)
)
(/usr/local/texlive/2024/texmf-dist/tex/latex/listings/lstmisc.sty
File: lstmisc.sty 2024/02/21 1.10 (Carsten Heinz)
\c@lstnumber=\count316
\lst@skipnumbers=\count317
\lst@framebox=\box79
)
(/usr/local/texlive/2024/texmf-dist/tex/latex/listings/listings.cfg
File: listings.cfg 2024/02/21 1.10 listings configuration
))
Package: listings 2024/02/21 1.10 (Carsten Heinz)

(/usr/local/texlive/2024/texmf-dist/tex/latex/tcolorbox/tcblistingscore.code.te
x
Library (tcolorbox): 'tcblistingscore.code.tex' version '6.2.0'
(/usr/local/texlive/2024/texmf-dist/tex/latex/tcolorbox/tcbprocessing.code.tex
Library (tcolorbox): 'tcbprocessing.code.tex' version '6.2.0'
)
\c@tcblisting=\count318
)) (/usr/local/texlive/2024/texmf-dist/tex/latex/listingsutf8/listingsutf8.sty
Package: listingsutf8 2019-12-10 v1.5 Allow UTF-8 in listings input (HO)
(/usr/local/texlive/2024/texmf-dist/tex/generic/pdftexcmds/pdftexcmds.sty
Package: pdftexcmds 2020-06-27 v0.33 Utility functions of pdfTeX for LuaTeX (HO
)
Package pdftexcmds Info: \pdf@primitive is available.
Package pdftexcmds Info: \pdf@ifprimitive is available.
Package pdftexcmds Info: \pdfdraftmode found.
)
(/usr/local/texlive/2024/texmf-dist/tex/generic/stringenc/stringenc.sty
Package: stringenc 2019/11/29 v1.12 Convert strings between diff. encodings (HO
)

(/usr/local/texlive/2024/texmf-dist/tex/generic/pdfescape/pdfescape.sty
Package: pdfescape 2019/12/09 v1.15 Implements pdfTeX's escape features (HO)
))))
(/usr/local/texlive/2024/texmf-dist/tex/latex/tcolorbox/tcbexternal.code.tex
Library (tcolorbox): 'tcbexternal.code.tex' version '6.2.0'
) (/usr/local/texlive/2024/texmf-dist/tex/latex/tcolorbox/tcbmagazine.code.tex
Library (tcolorbox): 'tcbmagazine.code.tex' version '6.2.0'
) (/usr/local/texlive/2024/texmf-dist/tex/latex/tcolorbox/tcbvignette.code.tex
Library (tcolorbox): 'tcbvignette.code.tex' version '6.2.0'

(/usr/local/texlive/2024/texmf-dist/tex/generic/pgf/frontendlayer/tikz/librarie
s/tikzlibraryfadings.code.tex
File: tikzlibraryfadings.code.tex 2023-01-15 v3.1.10 (3.1.10)

(/usr/local/texlive/2024/texmf-dist/tex/generic/pgf/libraries/pgflibraryfadings
.code.tex
File: pgflibraryfadings.code.tex 2023-01-15 v3.1.10 (3.1.10)
)))
(/usr/local/texlive/2024/texmf-dist/tex/latex/tcolorbox/tcbposter.code.tex
Library (tcolorbox): 'tcbposter.code.tex' version '6.2.0'
)) (/usr/local/texlive/2024/texmf-dist/tex/latex/colortbl/colortbl.sty
Package: colortbl 2024/02/20 v1.0g Color table columns (DPC)

(/usr/local/texlive/2024/texmf-dist/tex/latex/tools/array.sty
Package: array 2023/10/16 v2.5g Tabular extension package (FMi)
\col@sep=\dimen276
\ar@mcellbox=\box80
\extrarowheight=\dimen277
\NC@list=\toks40
\extratabsurround=\skip54
\backup@length=\skip55
\ar@cellbox=\box81
)
\everycr=\toks41
\minrowclearance=\skip56
\rownum=\count319
)
(/usr/local/texlive/2024/texmf-dist/tex/latex/base/inputenc.sty
Package: inputenc 2021/02/14 v1.3d Input encoding file
\inpenc@prehook=\toks42
\inpenc@posthook=\toks43
)
(/usr/local/texlive/2024/texmf-dist/tex/latex/glossaries/base/glossaries.sty
Package: glossaries 2023/09/29 v4.53 (NLCT)

(/usr/local/texlive/2024/texmf-dist/tex/latex/base/ifthen.sty
Package: ifthen 2022/04/13 v1.1d Standard LaTeX ifthen package (DPC)
)
(/usr/local/texlive/2024/texmf-dist/tex/latex/xkeyval/xkeyval.sty
Package: xkeyval 2022/06/16 v2.9 package option processing (HA)

(/usr/local/texlive/2024/texmf-dist/tex/generic/xkeyval/xkeyval.tex
(/usr/local/texlive/2024/texmf-dist/tex/generic/xkeyval/xkvutils.tex
\XKV@toks=\toks44
\XKV@tempa@toks=\toks45
)
\XKV@depth=\count320
File: xkeyval.tex 2014/12/03 v2.7a key=value parser (HA)
))
(/usr/local/texlive/2024/texmf-dist/tex/latex/mfirstuc/mfirstuc.sty
Package: mfirstuc 2022/10/14 v2.08 (NLCT)
\@glsmfirst=\toks46
\@glsmrest=\toks47
)
(/usr/local/texlive/2024/texmf-dist/tex/latex/xfor/xfor.sty
Package: xfor 2009/02/05 v1.05 (NLCT)
)
(/usr/local/texlive/2024/texmf-dist/tex/latex/datatool/datatool-base.sty
Package: datatool-base 2019/09/27 v2.32 (NLCT)

(/usr/local/texlive/2024/texmf-dist/tex/latex/substr/substr.sty
Package: substr 2009/10/20 v1.2 Handle substrings
\c@su@anzahl=\count321
)
(/usr/local/texlive/2024/texmf-dist/tex/latex/datatool/datatool-fp.sty
Package: datatool-fp 2019/09/27 v2.32 (NLCT)

(/usr/local/texlive/2024/texmf-dist/tex/latex/fp/fp.sty
Package: fp 1995/04/02

`Fixed Point Package', Version 0.8, April 2, 1995 (C) Michael Mehlich
(/usr/local/texlive/2024/texmf-dist/tex/latex/fp/defpattern.sty
Package: defpattern 1994/10/12
\actioncount=\count322
)
(/usr/local/texlive/2024/texmf-dist/tex/latex/fp/fp-basic.sty
Package: fp-basic 1996/05/13
\FP@xs=\count323
\FP@xia=\count324
\FP@xib=\count325
\FP@xfa=\count326
\FP@xfb=\count327
\FP@rega=\count328
\FP@regb=\count329
\FP@regs=\count330
\FP@times=\count331
)
(/usr/local/texlive/2024/texmf-dist/tex/latex/fp/fp-addons.sty
Package: fp-addons 1995/03/15
)
(/usr/local/texlive/2024/texmf-dist/tex/latex/fp/fp-snap.sty
Package: fp-snap 1995/04/05
)
(/usr/local/texlive/2024/texmf-dist/tex/latex/fp/fp-exp.sty
Package: fp-exp 1995/04/03
)
(/usr/local/texlive/2024/texmf-dist/tex/latex/fp/fp-trigo.sty
Package: fp-trigo 1995/04/14
)
(/usr/local/texlive/2024/texmf-dist/tex/latex/fp/fp-pas.sty
Package: fp-pas 1994/08/29
)
(/usr/local/texlive/2024/texmf-dist/tex/latex/fp/fp-random.sty
Package: fp-random 1995/02/23
\FPseed=\count332
)
(/usr/local/texlive/2024/texmf-dist/tex/latex/fp/fp-eqn.sty
Package: fp-eqn 1995/04/03
)
(/usr/local/texlive/2024/texmf-dist/tex/latex/fp/fp-upn.sty
Package: fp-upn 1996/10/21
)
(/usr/local/texlive/2024/texmf-dist/tex/latex/fp/fp-eval.sty
Package: fp-eval 1995/04/03
)))
\@dtl@toks=\toks48
\@dtl@tmpcount=\count333
\dtl@tmplength=\skip57
\dtl@sortresult=\count334
\@dtl@numgrpsepcount=\count335
\@dtl@datatype=\count336
\dtl@codeA=\count337
\dtl@codeB=\count338
\@dtl@foreach@level=\count339
)
\gls@level=\count340
\@gls@tmpb=\toks49
\gls@tmplen=\skip58
\glskeylisttok=\toks50
\glslabeltok=\toks51
\glsshorttok=\toks52
\glslongtok=\toks53

(/usr/local/texlive/2024/texmf-dist/tex/latex/glossaries/styles/glossary-hypern
av.sty
Package: glossary-hypernav 2023/09/29 v4.53 (NLCT)
)
(/usr/local/texlive/2024/texmf-dist/tex/latex/glossaries/styles/glossary-list.s
ty
Package: glossary-list 2023/09/29 v4.53 (NLCT)
\glslistdottedwidth=\skip59
)
(/usr/local/texlive/2024/texmf-dist/tex/latex/glossaries/styles/glossary-long.s
ty
Package: glossary-long 2023/09/29 v4.53 (NLCT)
 (/usr/local/texlive/2024/texmf-dist/tex/latex/tools/longtable.sty
Package: longtable 2023-11-01 v4.19 Multi-page Table package (DPC)
\LTleft=\skip60
\LTright=\skip61
\LTpre=\skip62
\LTpost=\skip63
\LTchunksize=\count341
\LTcapwidth=\dimen278
\LT@head=\box82
\LT@firsthead=\box83
\LT@foot=\box84
\LT@lastfoot=\box85
\LT@gbox=\box86
\LT@cols=\count342
\LT@rows=\count343
\c@LT@tables=\count344
\c@LT@chunks=\count345
\LT@p@ftn=\toks54
)
\glsdescwidth=\skip64
\glspagelistwidth=\skip65
)
(/usr/local/texlive/2024/texmf-dist/tex/latex/glossaries/styles/glossary-super.
sty
Package: glossary-super 2023/09/29 v4.53 (NLCT)
 (/usr/local/texlive/2024/texmf-dist/tex/latex/supertabular/supertabular.sty
Package: supertabular 2020/02/02 v4.1g the supertabular environment
\c@tracingst=\count346
\ST@wd=\dimen279
\ST@rightskip=\skip66
\ST@leftskip=\skip67
\ST@parfillskip=\skip68
\ST@pageleft=\dimen280
\ST@headht=\dimen281
\ST@tailht=\dimen282
\ST@pagesofar=\dimen283
\ST@pboxht=\dimen284
\ST@lineht=\dimen285
\ST@prevht=\dimen286
\ST@toadd=\dimen287
\ST@dimen=\dimen288
\ST@pbox=\box87
))
(/usr/local/texlive/2024/texmf-dist/tex/latex/glossaries/styles/glossary-tree.s
ty
Package: glossary-tree 2023/09/29 v4.53 (NLCT)
\glstreeindent=\skip69
)) (/usr/local/texlive/2024/texmf-dist/tex/latex/todonotes/todonotes.sty
Package: todonotes 2024/01/05 v1.1.7 Todonotes source and documentation.
Package: todonotes 2024/01/05

(/usr/local/texlive/2024/texmf-dist/tex/generic/pgf/frontendlayer/tikz/librarie
s/tikzlibrarypositioning.code.tex
File: tikzlibrarypositioning.code.tex 2023-01-15 v3.1.10 (3.1.10)
)
(/usr/local/texlive/2024/texmf-dist/tex/latex/tools/calc.sty
Package: calc 2023/07/08 v4.3 Infix arithmetic (KKT,FJ)
\calc@Acount=\count347
\calc@Bcount=\count348
\calc@Adimen=\dimen289
\calc@Bdimen=\dimen290
\calc@Askip=\skip70
\calc@Bskip=\skip71
LaTeX Info: Redefining \setlength on input line 80.
LaTeX Info: Redefining \addtolength on input line 81.
\calc@Ccount=\count349
\calc@Cskip=\skip72
)
\c@@todonotes@numberoftodonotes=\count350
)
(/usr/local/texlive/2024/texmf-dist/tex/latex/tools/tabularx.sty
Package: tabularx 2023/07/08 v2.11c `tabularx' package (DPC)
\TX@col@width=\dimen291
\TX@old@table=\dimen292
\TX@old@col=\dimen293
\TX@target=\dimen294
\TX@delta=\dimen295
\TX@cols=\count351
\TX@ftn=\toks55
)
(./structure.tex
(/usr/local/texlive/2024/texmf-dist/tex/latex/titlesec/titlesec.sty
Package: titlesec 2023/10/27 v2.16 Sectioning titles
\ttl@box=\box88
\beforetitleunit=\skip73
\aftertitleunit=\skip74
\ttl@plus=\dimen296
\ttl@minus=\dimen297
\ttl@toksa=\toks56
\titlewidth=\dimen298
\titlewidthlast=\dimen299
\titlewidthfirst=\dimen300
)
(/usr/local/texlive/2024/texmf-dist/tex/latex/lipsum/lipsum.sty
(/usr/local/texlive/2024/texmf-dist/tex/latex/l3packages/l3keys2e/l3keys2e.sty
(/usr/local/texlive/2024/texmf-dist/tex/latex/l3kernel/expl3.sty
Package: expl3 2024-02-20 L3 programming layer (loader) 

(/usr/local/texlive/2024/texmf-dist/tex/latex/l3backend/l3backend-pdftex.def
File: l3backend-pdftex.def 2024-02-20 L3 backend support: PDF output (pdfTeX)
\l__color_backend_stack_int=\count352
\l__pdf_internal_box=\box89
))
Package: l3keys2e 2024-02-18 LaTeX2e option processing using LaTeX3 keys
)
Package: lipsum 2021-09-20 v2.7 150 paragraphs of Lorem Ipsum dummy text
\g__lipsum_par_int=\count353
\l__lipsum_a_int=\count354
\l__lipsum_b_int=\count355
(/usr/local/texlive/2024/texmf-dist/tex/latex/lipsum/lipsum.ltd.tex))
(/usr/local/texlive/2024/texmf-dist/tex/generic/babel/babel.sty
Package: babel 2024/02/07 v24.2 The Babel package
\babel@savecnt=\count356
\U@D=\dimen301
\l@unhyphenated=\language89

(/usr/local/texlive/2024/texmf-dist/tex/generic/babel/txtbabel.def)
\bbl@readstream=\read4
\bbl@dirlevel=\count357

(/usr/local/texlive/2024/texmf-dist/tex/generic/babel-spanish/spanish.ldf
Language: spanish.ldf 2021/05/27 v5.0q Spanish support from the babel system
\es@quottoks=\toks57
\es@quotdepth=\count358
Package babel Info: Making " an active character on input line 570.
Package babel Info: Making . an active character on input line 675.
Package babel Info: Making < an active character on input line 722.
Package babel Info: Making > an active character on input line 722.
))
(/usr/local/texlive/2024/texmf-dist/tex/generic/babel/locale/es/babel-spanish.t
ex
Package babel Info: Importing font and identification data for spanish
(babel)             from babel-es.ini. Reported on input line 11.
) (/usr/local/texlive/2024/texmf-dist/tex/latex/enumitem/enumitem.sty
Package: enumitem 2019/06/20 v3.9 Customized lists
\labelindent=\skip75
\enit@outerparindent=\dimen302
\enit@toks=\toks58
\enit@inbox=\box90
\enit@count@id=\count359
\enitdp@description=\count360
)
(/usr/local/texlive/2024/texmf-dist/tex/latex/booktabs/booktabs.sty
Package: booktabs 2020/01/12 v1.61803398 Publication quality tables
\heavyrulewidth=\dimen303
\lightrulewidth=\dimen304
\cmidrulewidth=\dimen305
\belowrulesep=\dimen306
\belowbottomsep=\dimen307
\aboverulesep=\dimen308
\abovetopsep=\dimen309
\cmidrulesep=\dimen310
\cmidrulekern=\dimen311
\defaultaddspace=\dimen312
\@cmidla=\count361
\@cmidlb=\count362
\@aboverulesep=\dimen313
\@belowrulesep=\dimen314
\@thisruleclass=\count363
\@lastruleclass=\count364
\@thisrulewidth=\dimen315
)
(/usr/local/texlive/2024/texmf-dist/tex/latex/eso-pic/eso-pic.sty
Package: eso-pic 2023/05/03 v3.0c eso-pic (RN)
\ESO@tempdima=\dimen316
\ESO@tempdimb=\dimen317
)
(/usr/local/texlive/2024/texmf-dist/tex/latex/hyphenat/hyphenat.sty
Package: hyphenat 2009/09/02 v2.3c hyphenation utilities
\langwohyphens=\language90
LaTeX Info: Redefining \_ on input line 43.
)
(/usr/local/texlive/2024/texmf-dist/tex/latex/geometry/geometry.sty
Package: geometry 2020/01/02 v5.9 Page Geometry

(/usr/local/texlive/2024/texmf-dist/tex/generic/iftex/ifvtex.sty
Package: ifvtex 2019/10/25 v1.7 ifvtex legacy package. Use iftex instead.
)
\Gm@cnth=\count365
\Gm@cntv=\count366
\c@Gm@tempcnt=\count367
\Gm@bindingoffset=\dimen318
\Gm@wd@mp=\dimen319
\Gm@odd@mp=\dimen320
\Gm@even@mp=\dimen321
\Gm@layoutwidth=\dimen322
\Gm@layoutheight=\dimen323
\Gm@layouthoffset=\dimen324
\Gm@layoutvoffset=\dimen325
\Gm@dimlist=\toks59
)
(/usr/local/texlive/2024/texmf-dist/tex/latex/algorithms/algorithm.sty
Package: algorithm 2009/08/24 v0.1 Document Style `algorithm' - floating enviro
nment

(/usr/local/texlive/2024/texmf-dist/tex/latex/float/float.sty
Package: float 2001/11/08 v1.3d Float enhancements (AL)
\c@float@type=\count368
\float@exts=\toks60
\float@box=\box91
\@float@everytoks=\toks61
\@floatcapt=\box92
)
\@float@every@algorithm=\toks62
\c@algorithm=\count369
)
(/usr/local/texlive/2024/texmf-dist/tex/latex/algorithmicx/algpseudocode.sty
Package: algpseudocode 

(/usr/local/texlive/2024/texmf-dist/tex/latex/algorithmicx/algorithmicx.sty
Package: algorithmicx 2005/04/27 v1.2 Algorithmicx

Document Style algorithmicx 1.2 - a greatly improved `algorithmic' style
\c@ALG@line=\count370
\c@ALG@rem=\count371
\c@ALG@nested=\count372
\ALG@tlm=\skip76
\ALG@thistlm=\skip77
\c@ALG@Lnr=\count373
\c@ALG@blocknr=\count374
\c@ALG@storecount=\count375
\c@ALG@tmpcounter=\count376
\ALG@tmplength=\skip78
)
Document Style - pseudocode environments for use with the `algorithmicx' style
) (/usr/local/texlive/2024/texmf-dist/tex/latex/graphics/rotating.sty
Package: rotating 2016/08/11 v2.16d rotated objects in LaTeX
\c@r@tfl@t=\count377
\rotFPtop=\skip79
\rotFPbot=\skip80
\rot@float@box=\box93
\rot@mess@toks=\toks63
)
(/usr/local/texlive/2024/texmf-dist/tex/latex/psnfss/avant.sty
Package: avant 2020/03/25 PSNFSS-v9.3 (SPQR) 
)
(/usr/local/texlive/2024/texmf-dist/tex/latex/psnfss/mathptmx.sty
Package: mathptmx 2020/03/25 PSNFSS-v9.3 Times w/ Math, improved (SPQR, WaS) 
LaTeX Font Info:    Redeclaring symbol font `operators' on input line 28.
LaTeX Font Info:    Overwriting symbol font `operators' in version `normal'
(Font)                  OT1/cmr/m/n --> OT1/ztmcm/m/n on input line 28.
LaTeX Font Info:    Overwriting symbol font `operators' in version `bold'
(Font)                  OT1/cmr/bx/n --> OT1/ztmcm/m/n on input line 28.
LaTeX Font Info:    Redeclaring symbol font `letters' on input line 29.
LaTeX Font Info:    Overwriting symbol font `letters' in version `normal'
(Font)                  OML/cmm/m/it --> OML/ztmcm/m/it on input line 29.
LaTeX Font Info:    Overwriting symbol font `letters' in version `bold'
(Font)                  OML/cmm/b/it --> OML/ztmcm/m/it on input line 29.
LaTeX Font Info:    Redeclaring symbol font `symbols' on input line 30.
LaTeX Font Info:    Overwriting symbol font `symbols' in version `normal'
(Font)                  OMS/cmsy/m/n --> OMS/ztmcm/m/n on input line 30.
LaTeX Font Info:    Overwriting symbol font `symbols' in version `bold'
(Font)                  OMS/cmsy/b/n --> OMS/ztmcm/m/n on input line 30.
LaTeX Font Info:    Redeclaring symbol font `largesymbols' on input line 31.
LaTeX Font Info:    Overwriting symbol font `largesymbols' in version `normal'
(Font)                  OMX/cmex/m/n --> OMX/ztmcm/m/n on input line 31.
LaTeX Font Info:    Overwriting symbol font `largesymbols' in version `bold'
(Font)                  OMX/cmex/m/n --> OMX/ztmcm/m/n on input line 31.
\symbold=\mathgroup4
\symitalic=\mathgroup5
LaTeX Font Info:    Redeclaring math alphabet \mathbf on input line 34.
LaTeX Font Info:    Overwriting math alphabet `\mathbf' in version `normal'
(Font)                  OT1/cmr/bx/n --> OT1/ptm/bx/n on input line 34.
LaTeX Font Info:    Overwriting math alphabet `\mathbf' in version `bold'
(Font)                  OT1/cmr/bx/n --> OT1/ptm/bx/n on input line 34.
LaTeX Font Info:    Redeclaring math alphabet \mathit on input line 35.
LaTeX Font Info:    Overwriting math alphabet `\mathit' in version `normal'
(Font)                  OT1/cmr/m/it --> OT1/ptm/m/it on input line 35.
LaTeX Font Info:    Overwriting math alphabet `\mathit' in version `bold'
(Font)                  OT1/cmr/bx/it --> OT1/ptm/m/it on input line 35.
LaTeX Info: Redefining \hbar on input line 50.
)
(/usr/local/texlive/2024/texmf-dist/tex/latex/microtype/microtype.sty
Package: microtype 2023/03/13 v3.1a Micro-typographical refinements (RS)
\MT@toks=\toks64
\MT@tempbox=\box94
\MT@count=\count378
LaTeX Info: Redefining \noprotrusionifhmode on input line 1059.
LaTeX Info: Redefining \leftprotrusion on input line 1060.
\MT@prot@toks=\toks65
LaTeX Info: Redefining \rightprotrusion on input line 1078.
LaTeX Info: Redefining \textls on input line 1368.
\MT@outer@kern=\dimen326
LaTeX Info: Redefining \textmicrotypecontext on input line 1988.
\MT@listname@count=\count379

(/usr/local/texlive/2024/texmf-dist/tex/latex/microtype/microtype-pdftex.def
File: microtype-pdftex.def 2023/03/13 v3.1a Definitions specific to pdftex (RS)

LaTeX Info: Redefining \lsstyle on input line 902.
LaTeX Info: Redefining \lslig on input line 902.
\MT@outer@space=\skip81
)
Package microtype Info: Loading configuration file microtype.cfg.

(/usr/local/texlive/2024/texmf-dist/tex/latex/microtype/microtype.cfg
File: microtype.cfg 2023/03/13 v3.1a microtype main configuration file (RS)
))
(/usr/local/texlive/2024/texmf-dist/tex/latex/base/fontenc.sty
Package: fontenc 2021/04/29 v2.0v Standard LaTeX package
LaTeX Font Info:    Trying to load font information for T1+ptm on input line 11
2.

(/usr/local/texlive/2024/texmf-dist/tex/latex/psnfss/t1ptm.fd
File: t1ptm.fd 2001/06/04 font definitions for T1/ptm.
))
(/usr/local/texlive/2024/texmf-dist/tex/latex/titlesec/titletoc.sty
Package: titletoc 2023/10/27 v2.16 TOC entries
\ttl@leftsep=\dimen327
)
(/usr/local/texlive/2024/texmf-dist/tex/latex/fancyhdr/fancyhdr.sty
Package: fancyhdr 2022/11/09 v4.1 Extensive control of page headers and footers

\f@nch@headwidth=\skip82
\f@nch@O@elh=\skip83
\f@nch@O@erh=\skip84
\f@nch@O@olh=\skip85
\f@nch@O@orh=\skip86
\f@nch@O@elf=\skip87
\f@nch@O@erf=\skip88
\f@nch@O@olf=\skip89
\f@nch@O@orf=\skip90
)
(/usr/local/texlive/2024/texmf-dist/tex/latex/amsfonts/amsfonts.sty
Package: amsfonts 2013/01/14 v3.01 Basic AMSFonts support
\symAMSa=\mathgroup6
\symAMSb=\mathgroup7
LaTeX Font Info:    Overwriting math alphabet `\mathfrak' in version `bold'
(Font)                  U/euf/m/n --> U/euf/b/n on input line 106.
)
(/usr/local/texlive/2024/texmf-dist/tex/latex/amsfonts/amssymb.sty
Package: amssymb 2013/01/14 v3.01 AMS font symbols
)
(/usr/local/texlive/2024/texmf-dist/tex/latex/amscls/amsthm.sty
Package: amsthm 2020/05/29 v2.20.6
\thm@style=\toks66
\thm@bodyfont=\toks67
\thm@headfont=\toks68
\thm@notefont=\toks69
\thm@headpunct=\toks70
\thm@preskip=\skip91
\thm@postskip=\skip92
\thm@headsep=\skip93
\dth@everypar=\toks71
)
\c@notation=\count380
\c@dummy=\count381
\c@problem=\count382
\c@exerciseT=\count383
\c@exampleT=\count384
\c@vocabulary=\count385
\c@definitionT=\count386

(/usr/local/texlive/2024/texmf-dist/tex/latex/mdframed/mdframed.sty
Package: mdframed 2013/07/01 1.9b: mdframed

(/usr/local/texlive/2024/texmf-dist/tex/latex/kvoptions/kvoptions.sty
Package: kvoptions 2022-06-15 v3.15 Key value format for package options (HO)

(/usr/local/texlive/2024/texmf-dist/tex/latex/kvsetkeys/kvsetkeys.sty
Package: kvsetkeys 2022-10-05 v1.19 Key value parser (HO)
))
(/usr/local/texlive/2024/texmf-dist/tex/latex/l3packages/xparse/xparse.sty
Package: xparse 2024-02-18 L3 Experimental document command parser
)
(/usr/local/texlive/2024/texmf-dist/tex/latex/zref/zref-abspage.sty
Package: zref-abspage 2023-09-14 v2.35 Module abspage for zref (HO)

(/usr/local/texlive/2024/texmf-dist/tex/latex/zref/zref-base.sty
Package: zref-base 2023-09-14 v2.35 Module base for zref (HO)

(/usr/local/texlive/2024/texmf-dist/tex/generic/kvdefinekeys/kvdefinekeys.sty
Package: kvdefinekeys 2019-12-19 v1.6 Define keys (HO)
)
(/usr/local/texlive/2024/texmf-dist/tex/generic/etexcmds/etexcmds.sty
Package: etexcmds 2019/12/15 v1.7 Avoid name clashes with e-TeX commands (HO)
)
(/usr/local/texlive/2024/texmf-dist/tex/latex/auxhook/auxhook.sty
Package: auxhook 2019-12-17 v1.6 Hooks for auxiliary files (HO)
)
Package zref Info: New property list: main on input line 767.
Package zref Info: New property: default on input line 768.
Package zref Info: New property: page on input line 769.
)
\c@abspage=\count387
Package zref Info: New property: abspage on input line 67.
)
(/usr/local/texlive/2024/texmf-dist/tex/latex/needspace/needspace.sty
Package: needspace 2010/09/12 v1.3d reserve vertical space
)
\mdf@templength=\skip94
\c@mdf@globalstyle@cnt=\count388
\mdf@skipabove@length=\skip95
\mdf@skipbelow@length=\skip96
\mdf@leftmargin@length=\skip97
\mdf@rightmargin@length=\skip98
\mdf@innerleftmargin@length=\skip99
\mdf@innerrightmargin@length=\skip100
\mdf@innertopmargin@length=\skip101
\mdf@innerbottommargin@length=\skip102
\mdf@splittopskip@length=\skip103
\mdf@splitbottomskip@length=\skip104
\mdf@outermargin@length=\skip105
\mdf@innermargin@length=\skip106
\mdf@linewidth@length=\skip107
\mdf@innerlinewidth@length=\skip108
\mdf@middlelinewidth@length=\skip109
\mdf@outerlinewidth@length=\skip110
\mdf@roundcorner@length=\skip111
\mdf@footenotedistance@length=\skip112
\mdf@userdefinedwidth@length=\skip113
\mdf@needspace@length=\skip114
\mdf@frametitleaboveskip@length=\skip115
\mdf@frametitlebelowskip@length=\skip116
\mdf@frametitlerulewidth@length=\skip117
\mdf@frametitleleftmargin@length=\skip118
\mdf@frametitlerightmargin@length=\skip119
\mdf@shadowsize@length=\skip120
\mdf@extratopheight@length=\skip121
\mdf@subtitleabovelinewidth@length=\skip122
\mdf@subtitlebelowlinewidth@length=\skip123
\mdf@subtitleaboveskip@length=\skip124
\mdf@subtitlebelowskip@length=\skip125
\mdf@subtitleinneraboveskip@length=\skip126
\mdf@subtitleinnerbelowskip@length=\skip127
\mdf@subsubtitleabovelinewidth@length=\skip128
\mdf@subsubtitlebelowlinewidth@length=\skip129
\mdf@subsubtitleaboveskip@length=\skip130
\mdf@subsubtitlebelowskip@length=\skip131
\mdf@subsubtitleinneraboveskip@length=\skip132
\mdf@subsubtitleinnerbelowskip@length=\skip133

(/usr/local/texlive/2024/texmf-dist/tex/latex/mdframed/md-frame-0.mdf
File: md-frame-0.mdf 2013/07/01\ 1.9b: md-frame-0
)
\mdf@frametitlebox=\box95
\mdf@footnotebox=\box96
\mdf@splitbox@one=\box97
\mdf@splitbox@two=\box98
\mdf@splitbox@save=\box99
\mdfsplitboxwidth=\skip134
\mdfsplitboxtotalwidth=\skip135
\mdfsplitboxheight=\skip136
\mdfsplitboxdepth=\skip137
\mdfsplitboxtotalheight=\skip138
\mdfframetitleboxwidth=\skip139
\mdfframetitleboxtotalwidth=\skip140
\mdfframetitleboxheight=\skip141
\mdfframetitleboxdepth=\skip142
\mdfframetitleboxtotalheight=\skip143
\mdffootnoteboxwidth=\skip144
\mdffootnoteboxtotalwidth=\skip145
\mdffootnoteboxheight=\skip146
\mdffootnoteboxdepth=\skip147
\mdffootnoteboxtotalheight=\skip148
\mdftotallinewidth=\skip149
\mdfboundingboxwidth=\skip150
\mdfboundingboxtotalwidth=\skip151
\mdfboundingboxheight=\skip152
\mdfboundingboxdepth=\skip153
\mdfboundingboxtotalheight=\skip154
\mdf@freevspace@length=\skip155
\mdf@horizontalwidthofbox@length=\skip156
\mdf@verticalmarginwhole@length=\skip157
\mdf@horizontalspaceofbox=\skip158
\mdfsubtitleheight=\skip159
\mdfsubsubtitleheight=\skip160
\c@mdfcountframes=\count389

****** mdframed patching \endmdf@trivlist

****** -- success******

\mdf@envdepth=\count390
\c@mdf@env@i=\count391
\c@mdf@env@ii=\count392
\c@mdf@zref@counter=\count393
Package zref Info: New property: mdf@pagevalue on input line 895.
)
(/usr/local/texlive/2024/texmf-dist/tex/latex/hyperref/hyperref.sty
Package: hyperref 2024-01-20 v7.01h Hypertext links for LaTeX

(/usr/local/texlive/2024/texmf-dist/tex/latex/hycolor/hycolor.sty
Package: hycolor 2020-01-27 v1.10 Color options for hyperref/bookmark (HO)
)
(/usr/local/texlive/2024/texmf-dist/tex/latex/hyperref/nameref.sty
Package: nameref 2023-11-26 v2.56 Cross-referencing by name of section

(/usr/local/texlive/2024/texmf-dist/tex/latex/refcount/refcount.sty
Package: refcount 2019/12/15 v3.6 Data extraction from label references (HO)
)
(/usr/local/texlive/2024/texmf-dist/tex/generic/gettitlestring/gettitlestring.s
ty
Package: gettitlestring 2019/12/15 v1.6 Cleanup title references (HO)
)
\c@section@level=\count394
)
\@linkdim=\dimen328
\Hy@linkcounter=\count395
\Hy@pagecounter=\count396
 (/usr/local/texlive/2024/texmf-dist/tex/latex/hyperref/pd1enc.def
File: pd1enc.def 2024-01-20 v7.01h Hyperref: PDFDocEncoding definition (HO)
Now handling font encoding PD1 ...
... no UTF-8 mapping file for font encoding PD1
)
(/usr/local/texlive/2024/texmf-dist/tex/generic/intcalc/intcalc.sty
Package: intcalc 2019/12/15 v1.3 Expandable calculations with integers (HO)
)
\Hy@SavedSpaceFactor=\count397

(/usr/local/texlive/2024/texmf-dist/tex/latex/hyperref/puenc.def
File: puenc.def 2024-01-20 v7.01h Hyperref: PDF Unicode definition (HO)
Now handling font encoding PU ...
... no UTF-8 mapping file for font encoding PU
)
Package hyperref Info: Hyper figures OFF on input line 4179.
Package hyperref Info: Link nesting OFF on input line 4184.
Package hyperref Info: Hyper index ON on input line 4187.
Package hyperref Info: Plain pages OFF on input line 4194.
Package hyperref Info: Backreferencing OFF on input line 4199.
Package hyperref Info: Implicit mode ON; LaTeX internals redefined.
Package hyperref Info: Bookmarks ON on input line 4446.
\c@Hy@tempcnt=\count398

(/usr/local/texlive/2024/texmf-dist/tex/latex/url/url.sty
\Urlmuskip=\muskip17
Package: url 2013/09/16  ver 3.4  Verb mode for urls, etc.
)
LaTeX Info: Redefining \url on input line 4784.
\XeTeXLinkMargin=\dimen329

(/usr/local/texlive/2024/texmf-dist/tex/generic/bitset/bitset.sty
Package: bitset 2019/12/09 v1.3 Handle bit-vector datatype (HO)

(/usr/local/texlive/2024/texmf-dist/tex/generic/bigintcalc/bigintcalc.sty
Package: bigintcalc 2019/12/15 v1.5 Expandable calculations on big integers (HO
)
))
\Fld@menulength=\count399
\Field@Width=\dimen330
\Fld@charsize=\dimen331
Package hyperref Info: Hyper figures OFF on input line 6063.
Package hyperref Info: Link nesting OFF on input line 6068.
Package hyperref Info: Hyper index ON on input line 6071.
Package hyperref Info: backreferencing OFF on input line 6078.
Package hyperref Info: Link coloring OFF on input line 6083.
Package hyperref Info: Link coloring with OCG OFF on input line 6088.
Package hyperref Info: PDF/A mode OFF on input line 6093.

(/usr/local/texlive/2024/texmf-dist/tex/latex/base/atbegshi-ltx.sty
Package: atbegshi-ltx 2021/01/10 v1.0c Emulation of the original atbegshi
package with kernel methods
)
\Hy@abspage=\count400
\c@Item=\count401
\c@Hfootnote=\count402
)
Package hyperref Info: Driver (autodetected): hpdftex.

(/usr/local/texlive/2024/texmf-dist/tex/latex/hyperref/hpdftex.def
File: hpdftex.def 2024-01-20 v7.01h Hyperref driver for pdfTeX

(/usr/local/texlive/2024/texmf-dist/tex/latex/base/atveryend-ltx.sty
Package: atveryend-ltx 2020/08/19 v1.0a Emulation of the original atveryend pac
kage
with kernel methods
)
\HyAnn@Count=\count403
\Fld@listcount=\count404
\c@bookmark@seq@number=\count405

(/usr/local/texlive/2024/texmf-dist/tex/latex/rerunfilecheck/rerunfilecheck.sty
Package: rerunfilecheck 2022-07-10 v1.10 Rerun checks for auxiliary files (HO)

(/usr/local/texlive/2024/texmf-dist/tex/generic/uniquecounter/uniquecounter.sty
Package: uniquecounter 2019/12/15 v1.4 Provide unlimited unique counter (HO)
)
Package uniquecounter Info: New unique counter `rerunfilecheck' on input line 2
85.
)
\Hy@SectionHShift=\skip161
)
Package hyperref Info: Option `colorlinks' set `false' on input line 327.
Package hyperref Info: Option `breaklinks' set `true' on input line 327.
Package hyperref Info: Option `bookmarksopen' set `false' on input line 327.
)
\glswrite=\write4
\glo@main@file=\write5
\openout5 = `ApunteSeguridadTI2025_v202502-agosto.glo'.

Package glossaries Info: Writing glossary file ApunteSeguridadTI2025_v202502-ag
osto.glo on input line 114.
 (./ApunteSeguridadTI2025_v202502-agosto.aux
LaTeX Info: Redefining \. on input line 18.
LaTeX Info: Redefining \% on input line 18.
)
\openout1 = `ApunteSeguridadTI2025_v202502-agosto.aux'.

LaTeX Font Info:    Checking defaults for OML/cmm/m/it on input line 189.
LaTeX Font Info:    ... okay on input line 189.
LaTeX Font Info:    Checking defaults for OMS/cmsy/m/n on input line 189.
LaTeX Font Info:    ... okay on input line 189.
LaTeX Font Info:    Checking defaults for OT1/cmr/m/n on input line 189.
LaTeX Font Info:    ... okay on input line 189.
LaTeX Font Info:    Checking defaults for T1/cmr/m/n on input line 189.
LaTeX Font Info:    ... okay on input line 189.
LaTeX Font Info:    Checking defaults for TS1/cmr/m/n on input line 189.
LaTeX Font Info:    ... okay on input line 189.
LaTeX Font Info:    Checking defaults for OMX/cmex/m/n on input line 189.
LaTeX Font Info:    ... okay on input line 189.
LaTeX Font Info:    Checking defaults for U/cmr/m/n on input line 189.
LaTeX Font Info:    ... okay on input line 189.
LaTeX Font Info:    Checking defaults for PD1/pdf/m/n on input line 189.
LaTeX Font Info:    ... okay on input line 189.
LaTeX Font Info:    Checking defaults for PU/pdf/m/n on input line 189.
LaTeX Font Info:    ... okay on input line 189.
Package caption Info: Begin \AtBeginDocument code.
Package caption Info: float package is loaded.
Package caption Info: hyperref package is loaded.
Package caption Info: listings package is loaded.
Package caption Info: longtable package is loaded.

(/usr/local/texlive/2024/texmf-dist/tex/latex/caption/ltcaption.sty
Package: ltcaption 2021/01/08 v1.4c longtable captions (AR)
)
Package caption Info: rotating package is loaded.
Package caption Info: supertabular package is loaded.
Package caption Info: End \AtBeginDocument code.

(/usr/local/texlive/2024/texmf-dist/tex/context/base/mkii/supp-pdf.mkii
[Loading MPS to PDF converter (version 2006.09.02).]
\scratchcounter=\count406
\scratchdimen=\dimen332
\scratchbox=\box100
\nofMPsegments=\count407
\nofMParguments=\count408
\everyMPshowfont=\toks72
\MPscratchCnt=\count409
\MPscratchDim=\dimen333
\MPnumerator=\count410
\makeMPintoPDFobject=\count411
\everyMPtoPDFconversion=\toks73
) (/usr/local/texlive/2024/texmf-dist/tex/latex/epstopdf-pkg/epstopdf-base.sty
Package: epstopdf-base 2020-01-24 v2.11 Base part for package epstopdf
Package epstopdf-base Info: Redefining graphics rule for `.eps' on input line 4
85.

(/usr/local/texlive/2024/texmf-dist/tex/latex/latexconfig/epstopdf-sys.cfg
File: epstopdf-sys.cfg 2010/07/13 v1.3 Configuration of (r)epstopdf for TeX Liv
e
))
\c@lstlisting=\count412
LaTeX Info: Redefining \. on input line 189.
LaTeX Info: Redefining \% on input line 189.

*geometry* driver: auto-detecting
*geometry* detected driver: pdftex
*geometry* verbose mode - [ preamble ] result:
* driver: pdftex
* paper: letterpaper
* layout: <same size as paper>
* layoutoffset:(h,v)=(0.0pt,0.0pt)
* modes: twoside 
* h-part:(L,W,R)=(91.04872pt, 432.19756pt, 91.04872pt)
* v-part:(T,H,B)=(85.35826pt, 624.25346pt, 85.35826pt)
* \paperwidth=614.295pt
* \paperheight=794.96999pt
* \textwidth=432.19756pt
* \textheight=624.25346pt
* \oddsidemargin=18.77873pt
* \evensidemargin=18.77873pt
* \topmargin=-8.91173pt
* \headheight=14.5pt
* \headsep=10.0pt
* \topskip=11.0pt
* \footskip=27.46295pt
* \marginparwidth=116.0pt
* \marginparsep=7.0pt
* \columnsep=10.0pt
* \skip\footins=10.0pt plus 4.0pt minus 2.0pt
* \hoffset=0.0pt
* \voffset=0.0pt
* \mag=1000
* \@twocolumnfalse
* \@twosidetrue
* \@mparswitchtrue
* \@reversemarginfalse
* (1in=72.27pt=25.4mm, 1cm=28.453pt)

LaTeX Info: Redefining \microtypecontext on input line 189.
Package microtype Info: Applying patch `item' on input line 189.
Package microtype Info: Applying patch `toc' on input line 189.
Package microtype Info: Applying patch `eqnum' on input line 189.
Package microtype Info: Applying patch `footnote' on input line 189.
Package microtype Info: Applying patch `verbatim' on input line 189.
Package microtype Info: Generating PDF output.
Package microtype Info: Character protrusion enabled (level 2).
Package microtype Info: Using default protrusion set `alltext'.
Package microtype Info: Automatic font expansion enabled (level 2),
(microtype)             stretch: 20, shrink: 20, step: 1, non-selected.
Package microtype Info: Using default expansion set `alltext-nott'.
LaTeX Info: Redefining \showhyphens on input line 189.
Package microtype Info: No adjustment of tracking.
Package microtype Info: No adjustment of interword spacing.
Package microtype Info: No adjustment of character kerning.
(/usr/local/texlive/2024/texmf-dist/tex/latex/microtype/mt-ptm.cfg
File: mt-ptm.cfg 2006/04/20 v1.7 microtype config. file: Times (RS)
)
Package hyperref Info: Link coloring OFF on input line 189.

(./ApunteSeguridadTI2025_v202502-agosto.out)
(./ApunteSeguridadTI2025_v202502-agosto.out)
\@outlinefile=\write6
\openout6 = `ApunteSeguridadTI2025_v202502-agosto.out'.

LaTeX Font Info:    Trying to load font information for T1+pag on input line 20
3.

(/usr/local/texlive/2024/texmf-dist/tex/latex/psnfss/t1pag.fd
File: t1pag.fd 2001/06/04 font definitions for T1/pag.
)
Package microtype Info: Loading generic protrusion settings for font family
(microtype)             `pag' (encoding: T1).
(microtype)             For optimal results, create family-specific settings.
(microtype)             See the microtype manual for details.
LaTeX Font Info:    Font shape `T1/pag/b/n' in size <35> not available
(Font)              Font shape `T1/pag/db/n' tried instead on input line 207.
LaTeX Font Info:    Font shape `T1/pag/b/n' in size <17.28> not available
(Font)              Font shape `T1/pag/db/n' tried instead on input line 215.
<Pictures/hackpng.png, id=678, 722.7pt x 501.875pt>
File: Pictures/hackpng.png Graphic file (type png)
<use Pictures/hackpng.png>
Package pdftex.def Info: Pictures/hackpng.png  used on input line 227.
(pdftex.def)             Requested size: 1156.32156pt x 803.00108pt.
 [1

\openout4 = `ApunteSeguridadTI2025_v202502-agosto.ist'.

{/usr/local/texlive/2024/texmf-var/fonts/map/pdftex/updmap/pdftex.map}{/usr/loc
al/texlive/2024/texmf-dist/fonts/enc/dvips/base/8r.enc} <./Pictures/hackpng.png
>] [2]
<Pictures/diferente2.png, id=694, 813.0375pt x 445.665pt>
File: Pictures/diferente2.png Graphic file (type png)
<use Pictures/diferente2.png>
Package pdftex.def Info: Pictures/diferente2.png  used on input line 270.
(pdftex.def)             Requested size: 614.295pt x 336.73683pt.
LaTeX Font Info:    Font shape `T1/pag/b/n' in size <20.74> not available
(Font)              Font shape `T1/pag/db/n' tried instead on input line 270.

(./ApunteSeguridadTI2025_v202502-agosto.toc
LaTeX Info: Redefining \. on input line 1.
LaTeX Info: Redefining \% on input line 1.
LaTeX Font Info:    Font shape `T1/pag/b/n' in size <12> not available
(Font)              Font shape `T1/pag/db/n' tried instead on input line 2.
LaTeX Font Info:    Font shape `T1/pag/b/n' in size <14.4> not available
(Font)              Font shape `T1/pag/db/n' tried instead on input line 2.
LaTeX Font Info:    Font shape `T1/pag/b/n' in size <10.95> not available
(Font)              Font shape `T1/pag/db/n' tried instead on input line 2.
 [3

 <./Pictures/diferente2.png>]
[4] [5] [6])
\tf@toc=\write7
\openout7 = `ApunteSeguridadTI2025_v202502-agosto.toc'.

 (./00Repaso.tex [7] [8

]
Cap\'{\i }tulo 1.
\c@ttl@toc@default=\count413
<Pictures/networks.jpg, id=1041, 1461.5403pt x 835.2003pt>
File: Pictures/networks.jpg Graphic file (type jpg)
<use Pictures/networks.jpg>
Package pdftex.def Info: Pictures/networks.jpg  used on input line 2.
(pdftex.def)             Requested size: 614.295pt x 351.03662pt.
[9 <./Pictures/networks.jpg>]
Overfull \hbox (1.65361pt too wide) in paragraph at lines 23--24
\T1/ptm/m/n/10.95 (-20) in-ter-ope-ra-bi-li-dad sin ne-ce-si-dad de coor-di-na-
cin cen-tra-li-za-da. Fi-nal-men-te, las de-man-das y apli-ca-cio-nes
 []

LaTeX Font Info:    Font shape `T1/pag/b/n' in size <10> not available
(Font)              Font shape `T1/pag/db/n' tried instead on input line 62.
LaTeX Info: Redefining \. on input line 65.
LaTeX Info: Redefining \% on input line 65.
[10]
LaTeX Info: Redefining \. on input line 87.
LaTeX Info: Redefining \% on input line 87.
 [11]
LaTeX Font Info:    Trying to load font information for OT1+ztmcm on input line
 104.
 (/usr/local/texlive/2024/texmf-dist/tex/latex/psnfss/ot1ztmcm.fd
File: ot1ztmcm.fd 2000/01/03 Fontinst v1.801 font definitions for OT1/ztmcm.
)
Package microtype Info: Loading generic protrusion settings for font family
(microtype)             `ztmcm' (encoding: OT1).
(microtype)             For optimal results, create family-specific settings.
(microtype)             See the microtype manual for details.
LaTeX Font Info:    Trying to load font information for OML+ztmcm on input line
 104.

(/usr/local/texlive/2024/texmf-dist/tex/latex/psnfss/omlztmcm.fd
File: omlztmcm.fd 2000/01/03 Fontinst v1.801 font definitions for OML/ztmcm.
)
LaTeX Font Info:    Trying to load font information for OMS+ztmcm on input line
 104.

(/usr/local/texlive/2024/texmf-dist/tex/latex/psnfss/omsztmcm.fd
File: omsztmcm.fd 2000/01/03 Fontinst v1.801 font definitions for OMS/ztmcm.
)
LaTeX Font Info:    Trying to load font information for OMX+ztmcm on input line
 104.

(/usr/local/texlive/2024/texmf-dist/tex/latex/psnfss/omxztmcm.fd
File: omxztmcm.fd 2000/01/03 Fontinst v1.801 font definitions for OMX/ztmcm.
)
LaTeX Font Info:    Trying to load font information for OT1+ptm on input line 1
04.

(/usr/local/texlive/2024/texmf-dist/tex/latex/psnfss/ot1ptm.fd
File: ot1ptm.fd 2001/06/04 font definitions for OT1/ptm.
)
LaTeX Font Info:    Font shape `OT1/ptm/bx/n' in size <10.95> not available
(Font)              Font shape `OT1/ptm/b/n' tried instead on input line 104.
LaTeX Font Info:    Font shape `OT1/ptm/bx/n' in size <8> not available
(Font)              Font shape `OT1/ptm/b/n' tried instead on input line 104.
LaTeX Font Info:    Font shape `OT1/ptm/bx/n' in size <6> not available
(Font)              Font shape `OT1/ptm/b/n' tried instead on input line 104.

(/usr/local/texlive/2024/texmf-dist/tex/latex/microtype/mt-msa.cfg
File: mt-msa.cfg 2006/02/04 v1.1 microtype config. file: AMS symbols (a) (RS)
)
(/usr/local/texlive/2024/texmf-dist/tex/latex/microtype/mt-msb.cfg
File: mt-msb.cfg 2005/06/01 v1.0 microtype config. file: AMS symbols (b) (RS)
)
Underfull \vbox (badness 3009) has occurred while \output is active []

LaTeX Info: Redefining \. on input line 111.
LaTeX Info: Redefining \% on input line 111.
 [12]
LaTeX Info: Redefining \. on input line 133.
LaTeX Info: Redefining \% on input line 133.

[13]
LaTeX Info: Redefining \. on input line 156.
LaTeX Info: Redefining \% on input line 156.
 [14]
LaTeX Info: Redefining \. on input line 182.
LaTeX Info: Redefining \% on input line 182.
 [15]
Overfull \hbox (3.2508pt too wide) in paragraph at lines 198--199
\T1/ptm/m/n/10.95 (-20) in-te-rrup-cio-nes sig-ni-fi-ca-ti-vas en ser-vi-cios c
r-ti-cos. Es-tos ata-ques pue-den ser es-pe-cial-men-te de-vas-ta-do-res
 []

LaTeX Info: Redefining \. on input line 205.
LaTeX Info: Redefining \% on input line 205.
[16]
LaTeX Info: Redefining \. on input line 248.
LaTeX Info: Redefining \% on input line 248.
 [17]
LaTeX Info: Redefining \. on input line 278.
LaTeX Info: Redefining \% on input line 278.
 [18]
LaTeX Font Info:    Trying to load font information for TS1+ptm on input line 2
86.
 (/usr/local/texlive/2024/texmf-dist/tex/latex/psnfss/ts1ptm.fd
File: ts1ptm.fd 2001/06/04 font definitions for TS1/ptm.
)
LaTeX Info: Redefining \. on input line 337.
LaTeX Info: Redefining \% on input line 337.

[19]
Underfull \vbox (badness 10000) has occurred while \output is active []

LaTeX Info: Redefining \. on input line 366.
LaTeX Info: Redefining \% on input line 366.
 [20]
LaTeX Info: Redefining \. on input line 414.
LaTeX Info: Redefining \% on input line 414.

[21]
LaTeX Info: Redefining \. on input line 459.
LaTeX Info: Redefining \% on input line 459.
 [22]
LaTeX Info: Redefining \. on input line 534.
LaTeX Info: Redefining \% on input line 534.
 [23]
LaTeX Info: Redefining \. on input line 590.
LaTeX Info: Redefining \% on input line 590.
 [24]
LaTeX Font Info:    Trying to load font information for T1+cmtt on input line 6
39.

(/usr/local/texlive/2024/texmf-dist/tex/latex/base/t1cmtt.fd
File: t1cmtt.fd 2023/04/13 v2.5m Standard LaTeX font definitions
)
Package microtype Info: Loading generic protrusion settings for font family
(microtype)             `cmtt' (encoding: T1).
(microtype)             For optimal results, create family-specific settings.
(microtype)             See the microtype manual for details.

Overfull \hbox (21.01187pt too wide) in paragraph at lines 646--646
 []    \T1/cmtt/m/n/10.95 networksetup -listallnetworkservices    # Lista todos
 los servicios 
 []

LaTeX Info: Redefining \. on input line 652.
LaTeX Info: Redefining \% on input line 652.
[25{/usr/local/texlive/2024/texmf-dist/fonts/enc/dvips/cm-super/cm-super-t1.enc
}]
LaTeX Info: Redefining \. on input line 717.
LaTeX Info: Redefining \% on input line 717.
 [26]
LaTeX Info: Redefining \. on input line 783.
LaTeX Info: Redefining \% on input line 783.
 [27]
LaTeX Info: Redefining \. on input line 851.
LaTeX Info: Redefining \% on input line 851.
 [28]
LaTeX Info: Redefining \. on input line 909.
LaTeX Info: Redefining \% on input line 909.
 [29]
Overfull \hbox (6.39453pt too wide) in paragraph at lines 917--918
\T1/ptm/m/n/10.95 (-20) ser-vi-dor pro-por-cio-na ser-vi-cios es-pe-cia-li-za-d
os a ml-ti-ples clien-tes, man-te-nien-do la in-de-pen-den-cia
 []


Overfull \hbox (4.61584pt too wide) in paragraph at lines 923--924
[]\T1/ptm/m/n/10.95 (-20) La co-mu-ni-ca-cin cliente-servidor uti-li-za el mo-
de-lo de ca-pas pa-ra or-ga-ni-zar las res-pon-sa-bi-li-da-des
 []


Overfull \hbox (9.37352pt too wide) in paragraph at lines 933--934
\T1/ptm/m/n/10.95 (-20) con-ti-ne es-cu-chan-do nue-vas co-ne-xio-nes mien-tra
s pro-ce-sa las exis-ten-tes. Du-ran-te la co-mu-ni-ca-cin
 []

LaTeX Info: Redefining \. on input line 936.
LaTeX Info: Redefining \% on input line 936.
[30]
LaTeX Info: Redefining \. on input line 960.
LaTeX Info: Redefining \% on input line 960.
 [31]
Overfull \hbox (6.67882pt too wide) in paragraph at lines 973--974
[]\T1/ptm/m/n/10.95 (-20) La mo-du-la-ri-dad es be-ne-fi-cio-sa so-lo si no se 
ha-cen asun-cio-nes pe-li-gro-sas so-bre el com-por-ta-mien-to
 []

LaTeX Info: Redefining \. on input line 996.
LaTeX Info: Redefining \% on input line 996.
[32]
Underfull \vbox (badness 2393) has occurred while \output is active []

LaTeX Info: Redefining \. on input line 1042.
LaTeX Info: Redefining \% on input line 1042.
 [33]
Overfull \hbox (27.9558pt too wide) in paragraph at lines 1078--1080
[]\T1/ptm/b/n/10.95 (-20) Vulnerabilidades t-pi-cas\T1/ptm/m/n/10.95 (-20) : L
as vul-ne-ra-bi-li-da-des en la ca-pa de red in-clu-yen ata-ques Man-in-the-Mid
dle
 []


Underfull \vbox (badness 2865) has occurred while \output is active []

LaTeX Info: Redefining \. on input line 1082.
LaTeX Info: Redefining \% on input line 1082.
 [34]
Underfull \vbox (badness 3826) has occurred while \output is active []

LaTeX Info: Redefining \. on input line 1114.
LaTeX Info: Redefining \% on input line 1114.
 [35]
Overfull \hbox (17.06091pt too wide) in paragraph at lines 1124--1125
\T1/ptm/m/n/10.95 (-20) es-pe-c-fi-cos. Es-ta apro-xi-ma-cin de ml-ti-ples c
a-pas ase-gu-ra que in-clu-so si una ca-pa es com-pro-me-ti-da,
 []

LaTeX Info: Redefining \. on input line 1155.
LaTeX Info: Redefining \% on input line 1155.
[36]) (./01Fundamentales.tex
LaTeX Info: Redefining \. on input line 2.
LaTeX Info: Redefining \% on input line 2.
 [37] [38

]
Cap\'{\i }tulo 2.
<Pictures/map.png, id=1286, 467.7475pt x 311.1625pt>
File: Pictures/map.png Graphic file (type png)
<use Pictures/map.png>
Package pdftex.def Info: Pictures/map.png  used on input line 2.
(pdftex.def)             Requested size: 614.295pt x 408.6989pt.
[39 <./Pictures/map.png>]
Overfull \hbox (23.87701pt too wide) in paragraph at lines 43--44
[]\T1/ptm/b/n/10.95 (-20) Exploit \T1/ptm/m/n/10.95 (-20) Un ata-que par-ti-cu-
lar. Se lla-ma as por-que es-tos ata-ques apro-ve-chan las vul-ne-ra-bi-li-da-
des
 []


Overfull \hbox (4.2195pt too wide) in paragraph at lines 47--48
\T1/ptm/m/n/10.95 (-20) pue-dan ac-ce-der a la in-for-ma-cin. La pr-di-da de 
con-fi-den-cia-li-dad pue-de re-sul-tar en la di-vul-ga-cin
 []


Underfull \vbox (badness 1371) has occurred while \output is active []

LaTeX Info: Redefining \. on input line 51.
LaTeX Info: Redefining \% on input line 51.
 [40]
LaTeX Info: Redefining \. on input line 80.
LaTeX Info: Redefining \% on input line 80.

[41]
Underfull \hbox (badness 10000) in paragraph at lines 98--98
[]|\T1/ptm/m/n/10.95 (+20) Puede ocu-rrir so-lo en
 []


Underfull \hbox (badness 10000) in paragraph at lines 98--98
\T1/ptm/m/n/10.95 (+20) cir-cuns-tan-cias ex-cep-cio-na-les
 []


Underfull \hbox (badness 10000) in paragraph at lines 98--98
\T1/ptm/m/n/10.95 (+20) y pue-de con-si-de-rar-se
 []


Underfull \hbox (badness 10000) in paragraph at lines 98--98
\T1/ptm/m/n/10.95 (+20) "desafortunado.[] muy po-co
 []


Underfull \hbox (badness 10000) in paragraph at lines 98--98
[]|\T1/ptm/m/n/10.95 (+20) Podra ocu-rrir en al-gn
 []


Underfull \hbox (badness 10000) in paragraph at lines 98--98
[]|\T1/ptm/m/n/10.95 (+20) Podra ocu-rrir en al-gn
 []


Underfull \hbox (badness 10000) in paragraph at lines 98--98
[]|\T1/ptm/m/n/10.95 (+20) Probablemente ocu-rri-r en
 []


Underfull \hbox (badness 1320) in paragraph at lines 98--98
[]|\T1/ptm/m/n/10.95 (+20) Se es-pe-ra que ocu-rra en la
 []


Underfull \hbox (badness 10000) in paragraph at lines 116--116
[]|\T1/ptm/m/n/10.95 (+20) Resultado de una bre-cha
 []


Underfull \hbox (badness 1354) in paragraph at lines 116--116
\T1/ptm/m/n/10.95 (+20) de se-gu-ri-dad que pue-de ser
 []


Underfull \hbox (badness 10000) in paragraph at lines 116--116
[]|\T1/ptm/m/n/10.95 (+20) Brecha de se-gu-ri-dad que
 []


Underfull \hbox (badness 10000) in paragraph at lines 116--116
\T1/ptm/m/n/10.95 (+20) re-quie-re in-ter-ven-cin
 []


Underfull \hbox (badness 6094) in paragraph at lines 116--116
\T1/ptm/m/n/10.95 (+20) sig-ni-fi-ca-ti-va y pue-de te-ner
 []


Underfull \hbox (badness 10000) in paragraph at lines 116--116
[]|\T1/ptm/m/n/10.95 (+20) Brecha de se-gu-ri-dad que
 []


Underfull \hbox (badness 10000) in paragraph at lines 116--116
\T1/ptm/m/n/10.95 (+20) re-quie-re in-ter-ven-cin
 []


Underfull \hbox (badness 6380) in paragraph at lines 116--116
\T1/ptm/m/n/10.95 (+20) afec-tan-do gra-ve-men-te a la
 []


LaTeX Warning: `h' float specifier changed to `ht'.

LaTeX Info: Redefining \. on input line 128.
LaTeX Info: Redefining \% on input line 128.
[42]
Overfull \hbox (21.34377pt too wide) in paragraph at lines 130--131
[]\T1/ptm/m/n/10.95 (-20) La es-tra-te-gia de se-gu-ri-dad de-be in-cluir es-pe
-ci-fi-ca-cio-nes cla-ras so-bre los ob-je-ti-vos, la im-ple-men-ta-cin
 []


Underfull \vbox (badness 4416) has occurred while \output is active []

LaTeX Info: Redefining \. on input line 137.
LaTeX Info: Redefining \% on input line 137.
 [43]
Overfull \hbox (7.31834pt too wide) in paragraph at lines 143--144
[]\T1/ptm/m/n/10.95 (-20) Identificacin de Ame-na-zas: Pa-ra ca-da ac-ti-vo, i
den-ti-fi-ca al me-nos dos ame-na-zas po-ten-cia-les. 
 []


Underfull \hbox (badness 10000) in paragraph at lines 148--155

 []


Overfull \hbox (7.54124pt too wide) in paragraph at lines 165--166
\T1/ptm/m/n/10.95 (-20) cu-les re-quie-ren aten-cin in-me-dia-ta. La prio-ri-
za-cin se ba-sa en la com-bi-na-cin de la pro-ba-bi-li-dad
 []


Overfull \hbox (21.34377pt too wide) in paragraph at lines 179--180
[]\T1/ptm/m/n/10.95 (-20) La es-tra-te-gia de se-gu-ri-dad de-be in-cluir es-pe
-ci-fi-ca-cio-nes cla-ras so-bre los ob-je-ti-vos, la im-ple-men-ta-cin
 []

LaTeX Info: Redefining \. on input line 180.
LaTeX Info: Redefining \% on input line 180.
[44]
Overfull \hbox (13.34062pt too wide) in paragraph at lines 190--191
\T1/ptm/m/n/10.95 (-20) in-for-m-ti-cos mo-der-nos. Co-men-za-re-mos con el so
ft-wa-re ma-li-cio-so (malwa-re) y lue-go ana-li-za-re-mos
 []


Overfull \hbox (1.1791pt too wide) in paragraph at lines 214--215
[]\T1/ptm/b/n/10.95 (-20) Advanced\T1/ptm/m/n/10.95 (-20) : Uso de una am-plia 
va-rie-dad de tec-no-lo-gas de in-tru-sin y malwa-re, in-clu-yen-do
 []

LaTeX Info: Redefining \. on input line 216.
LaTeX Info: Redefining \% on input line 216.
[45]
Overfull \hbox (4.25888pt too wide) in paragraph at lines 216--217
[]\T1/ptm/b/n/10.95 (-20) Threats\T1/ptm/m/n/10.95 (-20) : Ame-na-zas a los ob-
je-ti-vos se-lec-cio-na-dos co-mo re-sul-ta-do de ata-can-tes or-ga-ni-za-dos,
 []


Underfull \vbox (badness 10000) has occurred while \output is active []

LaTeX Info: Redefining \. on input line 271.
LaTeX Info: Redefining \% on input line 271.
 [46]
Underfull \vbox (badness 1454) has occurred while \output is active []

LaTeX Info: Redefining \. on input line 335.
LaTeX Info: Redefining \% on input line 335.
 [47]
Overfull \hbox (2.90553pt too wide) in paragraph at lines 373--374
[]\T1/ptm/m/n/10.95 (-20) Con la pro-li-fe-ra-cin de dis-po-si-ti-vos m-vi-le
s, el malwa-re m-vil ha au-men-ta-do sig-ni-fi-ca-ti-va-men-te,
 []

LaTeX Info: Redefining \. on input line 387.
LaTeX Info: Redefining \% on input line 387.
[48]
Underfull \vbox (badness 5878) has occurred while \output is active []

LaTeX Info: Redefining \. on input line 447.
LaTeX Info: Redefining \% on input line 447.
 [49]
LaTeX Info: Redefining \. on input line 504.
LaTeX Info: Redefining \% on input line 504.

[50]
LaTeX Info: Redefining \. on input line 571.
LaTeX Info: Redefining \% on input line 571.
 [51]
LaTeX Info: Redefining \. on input line 631.
LaTeX Info: Redefining \% on input line 631.
 [52]) (./02SeguridadRedesProtocolos.tex
LaTeX Info: Redefining \. on input line 2.
LaTeX Info: Redefining \% on input line 2.
 [53] [54

]
Cap\'{\i }tulo 3.
File: Pictures/networks.jpg Graphic file (type jpg)
<use Pictures/networks.jpg>
Package pdftex.def Info: Pictures/networks.jpg  used on input line 2.
(pdftex.def)             Requested size: 614.295pt x 351.03662pt.
[55]
Overfull \hbox (7.82698pt too wide) in paragraph at lines 24--25
[]\T1/ptm/m/n/10.95 (-20) El mo-ni-to-reo con-ti-nuo es esen-cial pa-ra de-tec-
tar ame-na-zas en tiem-po real y res-pon-der r-pi-da-men-te
 []


Overfull \hbox (12.51833pt too wide) in paragraph at lines 36--37
[]\T1/ptm/m/n/10.95 (-20) Adems, mu-chos dis-po-si-ti-vos in-alm-bri-cos tie-
nen re-cur-sos li-mi-ta-dos de me-mo-ria y pro-ce-sa-mien-to,
 []

LaTeX Info: Redefining \. on input line 41.
LaTeX Info: Redefining \% on input line 41.
[56]
LaTeX Info: Redefining \. on input line 71.
LaTeX Info: Redefining \% on input line 71.
 [57]
Overfull \hbox (1.72371pt too wide) in paragraph at lines 82--83
[]\T1/ptm/m/n/10.95 (-20) Un ejem-plo es el ata-que de des-au-ten-ti-ca-cin, d
on-de el ata-can-te en-va fra-mes de des-au-ten-ti-ca-cin
 []

LaTeX Info: Redefining \. on input line 97.
LaTeX Info: Redefining \% on input line 97.
[58]
Overfull \hbox (3.75989pt too wide) in paragraph at lines 122--123
[]\T1/ptm/m/n/10.95 (-20) El con-trol de ac-ce-so es una fun-cin cr-ti-ca que
 ha-ce cum-plir el uso de la fun-cin de au-ten-ti-ca-cin,
 []

LaTeX Info: Redefining \. on input line 124.
LaTeX Info: Redefining \% on input line 124.
[59]
Overfull \hbox (5.2105pt too wide) in paragraph at lines 130--131
\T1/ptm/m/n/10.95 (-20) in-clu-yen-do cer-ti-fi-ca-dos di-gi-ta-les, to-kens de
 se-gu-ri-dad o cre-den-cia-les de usua-rio. La au-ten-ti-ca-cin
 []


Overfull \hbox (4.28534pt too wide) in paragraph at lines 142--143
\T1/ptm/m/n/10.95 (-20) lla-ma-do WEP (Wi-red Equi-va-lent Pri-vacy), pro-por-c
io-nan-do una me-jo-ra sig-ni-fi-ca-ti-va en se-gu-ri-dad
 []


Underfull \vbox (badness 10000) has occurred while \output is active []

LaTeX Info: Redefining \. on input line 151.
LaTeX Info: Redefining \% on input line 151.
 [60]
Overfull \hbox (2.76811pt too wide) in paragraph at lines 162--163
\T1/ptm/m/n/10.95 (-20) in-te-gri-dad de da-tos, me-jo-ran-do sig-ni-fi-ca-ti-v
a-men-te la se-gu-ri-dad so-bre WEP. Pa-ra la au-ten-ti-ca-cin,
 []

LaTeX Info: Redefining \. on input line 175.
LaTeX Info: Redefining \% on input line 175.
[61]
Overfull \hbox (8.75609pt too wide) in paragraph at lines 184--185
\T1/ptm/m/n/10.95 (-20) t-pi-ca-men-te re-pre-sen-ta-do por la es-ta-cin in-a
lm-bri-ca del usua-rio. Es-te com-po-nen-te es res-pon-sa-ble
 []


Overfull \hbox (5.7796pt too wide) in paragraph at lines 192--193
\T1/ptm/m/n/10.95 (-20) con-tra su ba-se de da-tos de usua-rios au-to-ri-za-dos
, apli-can-do las po-l-ti-cas de se-gu-ri-dad con-fi-gu-ra-das.
 []


Overfull \hbox (7.83887pt too wide) in paragraph at lines 194--195
[]\T1/ptm/m/n/10.95 (-20) Finalmente, el au-ten-ti-ca-dor per-mi-te el ac-ce-so
 a la red pa-ra el su-pli-can-te au-ten-ti-ca-do, con-fi-gu-ran-do
 []


Underfull \vbox (badness 10000) has occurred while \output is active []

LaTeX Info: Redefining \. on input line 201.
LaTeX Info: Redefining \% on input line 201.
 [62]
Overfull \hbox (11.29384pt too wide) in paragraph at lines 202--203
[]\T1/ptm/m/n/10.95 (-20) Desactivar la ad-mi-nis-tra-cin re-mo-ta es otra pr
c-ti-ca im-por-tan-te que li-mi-ta el ac-ce-so ad-mi-nis-tra-ti-vo
 []


Overfull \hbox (1.47594pt too wide) in paragraph at lines 218--219
[]\T1/ptm/m/n/10.95 (-20) Los logs de au-di-to-ra man-tie-nen un re-gis-tro co
m-ple-to de to-das las ac-ti-vi-da-des de red, in-clu-yen-do
 []


Underfull \vbox (badness 10000) has occurred while \output is active []

LaTeX Info: Redefining \. on input line 225.
LaTeX Info: Redefining \% on input line 225.
 [63]
Overfull \hbox (3.04008pt too wide) in paragraph at lines 228--229
\T1/ptm/m/n/10.95 (-20) pro-tec-cin adi-cio-nal, ya que es-te es-tn-dar ms r
e-cien-te no es vul-ne-ra-ble a KRACK. Im-ple-men-tar
 []


Overfull \hbox (11.54099pt too wide) in paragraph at lines 244--245
\T1/ptm/m/n/10.95 (-20) pa-tro-nes de des-co-ne-xin inusua-les. Usar re-des co
n au-ten-ti-ca-cin ro-bus-ta co-mo WPA3 pro-por-cio-na
 []

LaTeX Info: Redefining \. on input line 246.
LaTeX Info: Redefining \% on input line 246.
[64]
Overfull \hbox (0.24338pt too wide) in paragraph at lines 250--251
\T1/ptm/m/n/10.95 (-20) tra-di-cio-na-les de es-cri-to-rio. La fal-ta de con-tr
o-les de se-gu-ri-dad f-si-ca es un pro-ble-ma fun-da-men-tal,
 []


Underfull \vbox (badness 6910) has occurred while \output is active []

LaTeX Info: Redefining \. on input line 271.
LaTeX Info: Redefining \% on input line 271.
 [65]
LaTeX Info: Redefining \. on input line 291.
LaTeX Info: Redefining \% on input line 291.

[66]
Overfull \hbox (0.22787pt too wide) in paragraph at lines 292--293
[]\T1/ptm/m/n/10.95 (-20) ISO 27001 re-pre-sen-ta un es-tn-dar in-ter-na-cio-n
al de se-gu-ri-dad de la in-for-ma-cin que pro-por-cio-na
 []


Overfull \hbox (9.41583pt too wide) in paragraph at lines 298--299
\T1/ptm/m/n/10.95 (-20) BYOD don-de los em-plea-dos uti-li-zan sus pro-pios dis
-po-si-ti-vos pa-ra ac-ce-der a re-cur-sos cor-po-ra-ti-vos. 
 []

LaTeX Info: Redefining \. on input line 335.
LaTeX Info: Redefining \% on input line 335.
[67]
LaTeX Info: Redefining \. on input line 398.
LaTeX Info: Redefining \% on input line 398.
 [68]
Overfull \hbox (6.0479pt too wide) in paragraph at lines 407--408
[]\T1/ptm/m/n/10.95 (-20) La ca-pa de trans-por-te es res-pon-sa-ble de la co-m
u-ni-ca-cin con-fia-ble en-tre apli-ca-cio-nes, in-clu-yen-do
 []

LaTeX Info: Redefining \. on input line 459.
LaTeX Info: Redefining \% on input line 459.
[69]
LaTeX Info: Redefining \. on input line 514.
LaTeX Info: Redefining \% on input line 514.
 [70]
Overfull \hbox (5.85608pt too wide) in paragraph at lines 522--523
\T1/ptm/m/n/10.95 (-20) los ser-vi-cios de red. Es-te ti-po de ata-que es sim-p
le pe-ro efec-ti-vo, es-pe-cial-men-te en in-fra-es-truc-tu-ras
 []


Overfull \hbox (1.70761pt too wide) in paragraph at lines 524--525
\T1/ptm/m/n/10.95 (-20) au-to-ri-za-do a la in-fra-es-truc-tu-ra de red. Los di
s-po-si-ti-vos ro-ba-dos pue-den con-te-ner con-fi-gu-ra-cio-nes
 []


Overfull \hbox (13.02083pt too wide) in paragraph at lines 526--527
[]\T1/ptm/b/n/10.95 (-20) Interceptacin de da-tos\T1/ptm/m/n/10.95 (-20) : La 
cap-tu-ra de se-a-les elec-tro-mag-n-ti-cas pue-de per-mi-tir la in-ter-cep-t
a-cin
 []


Overfull \hbox (14.22183pt too wide) in paragraph at lines 534--535
\T1/ptm/m/n/10.95 (-20) de-tec-cin de des-co-ne-xio-nes pue-de aler-tar r-pi-
da-men-te so-bre pro-ble-mas f-si-cos en la in-fra-es-truc-tu-ra
 []


Underfull \vbox (badness 10000) has occurred while \output is active []

LaTeX Info: Redefining \. on input line 550.
LaTeX Info: Redefining \% on input line 550.
 [71]
LaTeX Info: Redefining \. on input line 610.
LaTeX Info: Redefining \% on input line 610.

[72]
LaTeX Info: Redefining \. on input line 673.
LaTeX Info: Redefining \% on input line 673.
 [73]
Overfull \hbox (35.12346pt too wide) in paragraph at lines 730--731
\T1/ptm/m/n/10.95 (-20) em-pre-sa pa-ra in-for-mar que no po-dan ac-ce-der al 
si-tio web de la em-pre-sa www.yummyrecipesforme.com
 []


Underfull \vbox (badness 2884) has occurred while \output is active []

LaTeX Info: Redefining \. on input line 731.
LaTeX Info: Redefining \% on input line 731.
 [74]
Overfull \hbox (12.71812pt too wide) in paragraph at lines 752--753
[]\T1/ptm/b/n/10.95 (-20) Mltiples di-rec-cio-nes IP\T1/ptm/m/n/10.95 (-20) : 
Aso-cia-das con un nom-bre de do-mi-nio que cam-bia cons-tan-te-men-te 
 []

LaTeX Info: Redefining \. on input line 760.
LaTeX Info: Redefining \% on input line 760.
[75]
LaTeX Info: Redefining \. on input line 811.
LaTeX Info: Redefining \% on input line 811.
 [76]
LaTeX Info: Redefining \. on input line 861.
LaTeX Info: Redefining \% on input line 861.
 [77]
Underfull \vbox (badness 1253) has occurred while \output is active []

LaTeX Info: Redefining \. on input line 917.
LaTeX Info: Redefining \% on input line 917.
 [78]
LaTeX Info: Redefining \. on input line 972.
LaTeX Info: Redefining \% on input line 972.

[79]
LaTeX Info: Redefining \. on input line 1033.
LaTeX Info: Redefining \% on input line 1033.
 [80]
Overfull \hbox (7.63776pt too wide) in paragraph at lines 1086--1087
[]\T1/ptm/b/n/10.95 (-20) Explotacin: \T1/ptm/m/n/10.95 (-20) cuan-do el usua-
rio abre el ar-chi-vo ma-li-cio-so, su sis-te-ma eje-cu-ta el com-po-nen-te
 []


Underfull \hbox (badness 10000) in paragraph at lines 1105--1107
\T1/ptm/b/n/10.95 (+20) Referencia\T1/ptm/m/n/10.95 (+20) : []$\T1/cmtt/m/n/10.
95 https : / / www . welivesecurity . com / la-[]es / 2016 / 10 / 26 /
 []


Underfull \vbox (badness 10000) has occurred while \output is active []

LaTeX Info: Redefining \. on input line 1108.
LaTeX Info: Redefining \% on input line 1108.
 [81])
(./100Comandos.tex
LaTeX Info: Redefining \. on input line 2.
LaTeX Info: Redefining \% on input line 2.
 [82]
Cap\'{\i }tulo 4.
<Pictures/ampolletas.png, id=1582, 961.5925pt x 457.71pt>
File: Pictures/ampolletas.png Graphic file (type png)
<use Pictures/ampolletas.png>
Package pdftex.def Info: Pictures/ampolletas.png  used on input line 2.
(pdftex.def)             Requested size: 614.295pt x 292.40262pt.

Underfull \vbox (badness 1472) has occurred while \output is active []

 [83

 <./Pictures/ampolletas.png>])
No file ApunteSeguridadTI2025_v202502-agosto.gls.
No file ApunteSeguridadTI2025_v202502-agosto.bbl.
\tf@ptc=\write8
\openout8 = `ApunteSeguridadTI2025_v202502-agosto.ptc'.


Underfull \vbox (badness 10000) has occurred while \output is active []

LaTeX Info: Redefining \. on input line 316.
LaTeX Info: Redefining \% on input line 316.
 [84]
[85] (./ApunteSeguridadTI2025_v202502-agosto.aux
LaTeX Info: Redefining \. on input line 18.
LaTeX Info: Redefining \% on input line 18.
)
 ***********
LaTeX2e <2023-11-01> patch level 1
L3 programming layer <2024-02-20>
 ***********
Package rerunfilecheck Info: File `ApunteSeguridadTI2025_v202502-agosto.out' ha
s not changed.
(rerunfilecheck)             Checksum: 7DC65CBCD8D217B1A3A0E7185E8741C9;35381.
 ) 
Here is how much of TeX's memory you used:
 41806 strings out of 474116
 802867 string characters out of 5743683
 1947187 words of memory out of 5000000
 62512 multiletter control sequences out of 15000+600000
 641103 words of font info for 344 fonts, out of 8000000 for 9000
 1141 hyphenation exceptions out of 8191
 101i,13n,107p,2377b,1407s stack positions out of 10000i,1000n,20000p,200000b,200000s
</usr/local/texlive/2024/texmf-dist/fonts/type1/public/amsfonts/cm/cmmi10.pfb
></usr/local/texlive/2024/texmf-dist/fonts/type1/public/amsfonts/cm/cmr10.pfb><
/usr/local/texlive/2024/texmf-dist/fonts/type1/public/amsfonts/cm/cmsy10.pfb></
usr/local/texlive/2024/texmf-dist/fonts/type1/public/cm-super/sftt1095.pfb></us
r/local/texlive/2024/texmf-dist/fonts/type1/urw/avantgar/uagd8a.pfb></usr/local
/texlive/2024/texmf-dist/fonts/type1/urw/avantgar/uagk8a.pfb></usr/local/texliv
e/2024/texmf-dist/fonts/type1/urw/times/utmb8a.pfb></usr/local/texlive/2024/tex
mf-dist/fonts/type1/urw/times/utmr8a.pfb></usr/local/texlive/2024/texmf-dist/fo
nts/type1/urw/times/utmri8a.pfb>
Output written on ApunteSeguridadTI2025_v202502-agosto.pdf (85 pages, 8465724 b
ytes).
PDF statistics:
 1800 PDF objects out of 2073 (max. 8388607)
 1489 compressed objects within 15 object streams
 506 named destinations out of 1000 (max. 500000)
 87462 words of extra memory for PDF output out of 89155 (max. 10000000)

