\BOOKMARK [0][-]{chapter.1}{\376\377\000R\000e\000p\000a\000s\000o\000:\000\040\000F\000u\000n\000d\000a\000m\000e\000n\000t\000o\000s\000\040\000d\000e\000\040\000R\000e\000d\000e\000s\000\040\000p\000a\000r\000a\000\040\000S\000e\000g\000u\000r\000i\000d\000a\000d\000\040\000d\000e\000\040\000T\000I}{}% 1
\BOOKMARK [1][-]{section.1.1}{\376\377\000M\000o\000d\000e\000l\000o\000\040\000d\000e\000\040\000c\000a\000p\000a\000s\000\040\000y\000\040\000a\000r\000q\000u\000i\000t\000e\000c\000t\000u\000r\000a\000\040\000d\000e\000\040\000r\000e\000d}{chapter.1}% 2
\BOOKMARK [2][-]{subsection.1.1.1}{\376\377\000E\000l\000\040\000p\000r\000o\000b\000l\000e\000m\000a\000\040\000d\000e\000\040\000l\000a\000\040\000c\000o\000m\000p\000l\000e\000j\000i\000d\000a\000d}{section.1.1}% 3
\BOOKMARK [2][-]{subsection.1.1.2}{\376\377\000S\000o\000l\000u\000c\000i\000\363\000n\000:\000\040\000C\000a\000p\000a\000s\000\040\000d\000e\000\040\000a\000b\000s\000t\000r\000a\000c\000c\000i\000\363\000n}{section.1.1}% 4
\BOOKMARK [2][-]{subsection.1.1.3}{\376\377\000M\000o\000d\000e\000l\000o\000\040\000d\000e\000\040\000r\000e\000f\000e\000r\000e\000n\000c\000i\000a\000\040\000O\000S\000I}{section.1.1}% 5
\BOOKMARK [2][-]{subsection.1.1.4}{\376\377\000M\000o\000d\000e\000l\000o\000\040\000T\000C\000P\000/\000I\000P}{section.1.1}% 6
\BOOKMARK [2][-]{subsection.1.1.5}{\376\377\000C\000a\000p\000a\000s\000\040\0001\000\040\000y\000\040\0002\000:\000\040\000F\000\355\000s\000i\000c\000a\000\040\000y\000\040\000E\000n\000l\000a\000c\000e\000\040\000d\000e\000\040\000D\000a\000t\000o\000s}{section.1.1}% 7
\BOOKMARK [2][-]{subsection.1.1.6}{\376\377\000C\000a\000p\000a\000\040\0003\000:\000\040\000R\000e\000d}{section.1.1}% 8
\BOOKMARK [2][-]{subsection.1.1.7}{\376\377\000C\000a\000p\000a\000\040\0004\000:\000\040\000T\000r\000a\000n\000s\000p\000o\000r\000t\000e}{section.1.1}% 9
\BOOKMARK [2][-]{subsection.1.1.8}{\376\377\000S\000i\000s\000t\000e\000m\000a\000\040\000d\000e\000\040\000n\000o\000m\000b\000r\000e\000s\000\040\000d\000e\000\040\000d\000o\000m\000i\000n\000i\000o\000\040\000\050\000D\000N\000S\000\051}{section.1.1}% 10
\BOOKMARK [2][-]{subsection.1.1.9}{\376\377\000T\000i\000p\000o\000s\000\040\000y\000\040\000T\000o\000p\000o\000l\000o\000g\000\355\000a\000s\000\040\000d\000e\000\040\000r\000e\000d\000e\000s}{section.1.1}% 11
\BOOKMARK [2][-]{subsection.1.1.10}{\376\377\000T\000o\000p\000o\000l\000o\000g\000\355\000a\000s}{section.1.1}% 12
\BOOKMARK [1][-]{section.1.2}{\376\377\000P\000r\000o\000t\000o\000c\000o\000l\000o\000s\000\040\000d\000e\000\040\000R\000e\000d}{chapter.1}% 13
\BOOKMARK [2][-]{subsection.1.2.1}{\376\377\000C\000o\000n\000c\000e\000p\000t\000o\000s\000\040\000f\000u\000n\000d\000a\000m\000e\000n\000t\000a\000l\000e\000s}{section.1.2}% 14
\BOOKMARK [2][-]{subsection.1.2.2}{\376\377\000A\000r\000q\000u\000i\000t\000e\000c\000t\000u\000r\000a\000\040\000T\000C\000P\000/\000I\000P}{section.1.2}% 15
\BOOKMARK [2][-]{subsection.1.2.3}{\376\377\000P\000r\000o\000t\000o\000c\000o\000l\000o\000s\000\040\000d\000e\000\040\000l\000a\000\040\000c\000a\000p\000a\000\040\000d\000e\000\040\000a\000p\000l\000i\000c\000a\000c\000i\000\363\000n}{section.1.2}% 16
\BOOKMARK [2][-]{subsection.1.2.4}{\376\377\000P\000r\000o\000t\000o\000c\000o\000l\000o\000s\000\040\000d\000e\000\040\000l\000a\000\040\000c\000a\000p\000a\000\040\000d\000e\000\040\000t\000r\000a\000n\000s\000p\000o\000r\000t\000e}{section.1.2}% 17
\BOOKMARK [2][-]{subsection.1.2.5}{\376\377\000P\000r\000o\000t\000o\000c\000o\000l\000o\000s\000\040\000d\000e\000\040\000l\000a\000\040\000c\000a\000p\000a\000\040\000d\000e\000\040\000I\000n\000t\000e\000r\000n\000e\000t}{section.1.2}% 18
\BOOKMARK [2][-]{subsection.1.2.6}{\376\377\000P\000r\000o\000t\000o\000c\000o\000l\000o\000s\000\040\000d\000e\000\040\000l\000a\000\040\000c\000a\000p\000a\000\040\000d\000e\000\040\000a\000c\000c\000e\000s\000o\000\040\000a\000\040\000r\000e\000d}{section.1.2}% 19
\BOOKMARK [2][-]{subsection.1.2.7}{\376\377\000P\000r\000o\000t\000o\000c\000o\000l\000o\000\040\000T\000C\000P\000\040\000e\000n\000\040\000d\000e\000t\000a\000l\000l\000e}{section.1.2}% 20
\BOOKMARK [2][-]{subsection.1.2.8}{\376\377\000P\000r\000o\000t\000o\000c\000o\000l\000o\000\040\000U\000D\000P\000\040\000e\000n\000\040\000d\000e\000t\000a\000l\000l\000e}{section.1.2}% 21
\BOOKMARK [2][-]{subsection.1.2.9}{\376\377\000P\000a\000q\000u\000e\000t\000e\000s\000\040\000y\000\040\000t\000r\000a\000n\000s\000m\000i\000s\000i\000\363\000n\000\040\000d\000e\000\040\000d\000a\000t\000o\000s}{section.1.2}% 22
\BOOKMARK [2][-]{subsection.1.2.10}{\376\377\000\277\000C\000\363\000m\000o\000\040\000f\000u\000n\000c\000i\000o\000n\000a\000\040\000l\000a\000\040\000t\000r\000a\000n\000s\000m\000i\000s\000i\000\363\000n\000\040\000f\000\355\000s\000i\000c\000a\000\040\000d\000e\000\040\000d\000a\000t\000o\000s\000?}{section.1.2}% 23
\BOOKMARK [1][-]{section.1.3}{\376\377\000C\000o\000m\000a\000n\000d\000o\000s\000\040\000d\000e\000\040\000t\000e\000r\000m\000i\000n\000a\000l\000\040\000p\000a\000r\000a\000\040\000a\000n\000\341\000l\000i\000s\000i\000s\000\040\000d\000e\000\040\000r\000e\000d\000\040\000\050\000m\000a\000c\000O\000S\000\051}{chapter.1}% 24
\BOOKMARK [2][-]{subsection.1.3.1}{\376\377\000I\000n\000f\000o\000r\000m\000a\000c\000i\000\363\000n\000\040\000b\000\341\000s\000i\000c\000a\000\040\000d\000e\000\040\000r\000e\000d}{section.1.3}% 25
\BOOKMARK [1][-]{section.1.4}{\376\377\000E\000j\000e\000r\000c\000i\000c\000i\000o\000s\000\040\000p\000r\000\341\000c\000t\000i\000c\000o\000s\000\040\000d\000e\000\040\000a\000n\000\341\000l\000i\000s\000i\000s\000\040\000d\000e\000\040\000r\000e\000d}{chapter.1}% 26
\BOOKMARK [2][-]{subsection.1.4.1}{\376\377\000E\000j\000e\000r\000c\000i\000c\000i\000o\000\040\0001\000:\000\040\000A\000n\000\341\000l\000i\000s\000i\000s\000\040\000d\000e\000\040\000c\000o\000n\000e\000x\000i\000o\000n\000e\000s\000\040\000a\000c\000t\000i\000v\000a\000s}{section.1.4}% 27
\BOOKMARK [2][-]{subsection.1.4.2}{\376\377\000E\000j\000e\000r\000c\000i\000c\000i\000o\000\040\0002\000:\000\040\000C\000a\000p\000t\000u\000r\000a\000\040\000d\000e\000\040\000t\000r\000\341\000f\000i\000c\000o\000\040\000H\000T\000T\000P}{section.1.4}% 28
\BOOKMARK [2][-]{subsection.1.4.3}{\376\377\000E\000j\000e\000r\000c\000i\000c\000i\000o\000\040\0003\000:\000\040\000A\000n\000\341\000l\000i\000s\000i\000s\000\040\000d\000e\000\040\000D\000N\000S}{section.1.4}% 29
\BOOKMARK [2][-]{subsection.1.4.4}{\376\377\000E\000j\000e\000r\000c\000i\000c\000i\000o\000\040\0004\000:\000\040\000M\000o\000n\000i\000t\000o\000r\000e\000o\000\040\000d\000e\000\040\000t\000r\000\341\000f\000i\000c\000o\000\040\000e\000n\000\040\000t\000i\000e\000m\000p\000o\000\040\000r\000e\000a\000l}{section.1.4}% 30
\BOOKMARK [2][-]{subsection.1.4.5}{\376\377\000E\000j\000e\000r\000c\000i\000c\000i\000o\000\040\0005\000:\000\040\000A\000n\000\341\000l\000i\000s\000i\000s\000\040\000d\000e\000\040\000s\000e\000g\000u\000r\000i\000d\000a\000d\000\040\000b\000\341\000s\000i\000c\000o}{section.1.4}% 31
\BOOKMARK [2][-]{subsection.1.4.6}{\376\377\000H\000e\000r\000r\000a\000m\000i\000e\000n\000t\000a\000s\000\040\000a\000d\000i\000c\000i\000o\000n\000a\000l\000e\000s\000\040\000r\000e\000c\000o\000m\000e\000n\000d\000a\000d\000a\000s}{section.1.4}% 32
\BOOKMARK [1][-]{section.1.5}{\376\377\000L\000i\000m\000i\000t\000a\000c\000i\000o\000n\000e\000s\000\040\000y\000\040\000c\000o\000n\000s\000i\000d\000e\000r\000a\000c\000i\000o\000n\000e\000s\000\040\000\351\000t\000i\000c\000a\000s}{chapter.1}% 33
\BOOKMARK [2][-]{subsection.1.5.1}{\376\377\000\277\000Q\000u\000\351\000\040\000N\000O\000\040\000p\000u\000e\000d\000e\000s\000\040\000v\000e\000r\000\040\000d\000e\000s\000d\000e\000\040\000t\000u\000\040\000c\000o\000m\000p\000u\000t\000a\000d\000o\000r\000a\000?}{section.1.5}% 34
\BOOKMARK [2][-]{subsection.1.5.2}{\376\377\000\277\000Q\000u\000\351\000\040\000S\000\315\000\040\000p\000u\000e\000d\000e\000s\000\040\000v\000e\000r\000?}{section.1.5}% 35
\BOOKMARK [2][-]{subsection.1.5.3}{\376\377\000C\000o\000n\000s\000i\000d\000e\000r\000a\000c\000i\000o\000n\000e\000s\000\040\000\351\000t\000i\000c\000a\000s\000\040\000y\000\040\000l\000e\000g\000a\000l\000e\000s}{section.1.5}% 36
\BOOKMARK [2][-]{subsection.1.5.4}{\376\377\000C\000u\000\341\000n\000d\000o\000\040\000S\000\315\000\040\000e\000s\000t\000\341\000\040\000p\000e\000r\000m\000i\000t\000i\000d\000o\000\040\000e\000l\000\040\000a\000n\000\341\000l\000i\000s\000i\000s}{section.1.5}% 37
\BOOKMARK [2][-]{subsection.1.5.5}{\376\377\000A\000l\000t\000e\000r\000n\000a\000t\000i\000v\000a\000s\000\040\000s\000e\000g\000u\000r\000a\000s\000\040\000p\000a\000r\000a\000\040\000a\000p\000r\000e\000n\000d\000i\000z\000a\000j\000e}{section.1.5}% 38
\BOOKMARK [2][-]{subsection.1.5.6}{\376\377\000R\000e\000c\000u\000r\000s\000o\000s\000\040\000p\000a\000r\000a\000\040\000a\000p\000r\000e\000n\000d\000i\000z\000a\000j\000e\000\040\000\351\000t\000i\000c\000o}{section.1.5}% 39
\BOOKMARK [2][-]{subsection.1.5.7}{\376\377\000C\000o\000m\000u\000n\000i\000c\000a\000c\000i\000\363\000n\000\040\000c\000l\000i\000e\000n\000t\000e\000-\000s\000e\000r\000v\000i\000d\000o\000r}{section.1.5}% 40
\BOOKMARK [2][-]{subsection.1.5.8}{\376\377\000C\000o\000m\000u\000n\000i\000c\000a\000c\000i\000\363\000n\000\040\000c\000l\000i\000e\000n\000t\000e\000-\000s\000e\000r\000v\000i\000d\000o\000r}{section.1.5}% 41
\BOOKMARK [2][-]{subsection.1.5.9}{\376\377\000C\000o\000n\000f\000i\000g\000u\000r\000a\000c\000i\000o\000n\000e\000s\000\040\000r\000e\000a\000l\000e\000s\000\040\000d\000e\000\040\000r\000e\000d}{section.1.5}% 42
\BOOKMARK [2][-]{subsection.1.5.10}{\376\377\000P\000r\000i\000n\000c\000i\000p\000i\000o\000s\000\040\000d\000e\000\040\000s\000e\000g\000u\000r\000i\000d\000a\000d\000\040\000e\000n\000\040\000r\000e\000d\000e\000s}{section.1.5}% 43
\BOOKMARK [2][-]{subsection.1.5.11}{\376\377\000D\000e\000s\000c\000r\000i\000p\000c\000i\000\363\000n\000\040\000d\000e\000t\000a\000l\000l\000a\000d\000a\000\040\000d\000e\000\040\000l\000a\000s\000\040\000c\000a\000p\000a\000s\000\040\000d\000e\000l\000\040\000m\000o\000d\000e\000l\000o\000\040\000O\000S\000I}{section.1.5}% 44
\BOOKMARK [2][-]{subsection.1.5.12}{\376\377\000I\000n\000t\000e\000r\000a\000c\000c\000i\000\363\000n\000\040\000e\000n\000t\000r\000e\000\040\000c\000a\000p\000a\000s\000\040\000y\000\040\000s\000e\000g\000u\000r\000i\000d\000a\000d}{section.1.5}% 45
\BOOKMARK [2][-]{subsection.1.5.13}{\376\377\000H\000e\000r\000r\000a\000m\000i\000e\000n\000t\000a\000s\000\040\000d\000e\000\040\000s\000e\000g\000u\000r\000i\000d\000a\000d\000\040\000p\000o\000r\000\040\000c\000a\000p\000a}{section.1.5}% 46
\BOOKMARK [1][-]{section.1.6}{\376\377\000C\000o\000n\000c\000l\000u\000s\000i\000o\000n\000e\000s}{chapter.1}% 47
\BOOKMARK [0][-]{chapter.2}{\376\377\000I\000n\000t\000r\000o\000d\000u\000c\000c\000i\000\363\000n}{}% 48
\BOOKMARK [1][-]{section.2.1}{\376\377\000\277\000Q\000u\000\351\000\040\000e\000s\000\040\000l\000a\000\040\000S\000e\000g\000u\000r\000i\000d\000a\000d}{chapter.2}% 49
\BOOKMARK [2][-]{subsection.2.1.1}{\376\377\000C\000o\000n\000f\000i\000d\000e\000n\000c\000i\000a\000l\000i\000d\000a\000d}{section.2.1}% 50
\BOOKMARK [2][-]{subsection.2.1.2}{\376\377\000I\000n\000t\000e\000g\000r\000i\000d\000a\000d}{section.2.1}% 51
\BOOKMARK [2][-]{subsection.2.1.3}{\376\377\000D\000i\000s\000p\000o\000n\000i\000b\000i\000l\000i\000d\000a\000d}{section.2.1}% 52
\BOOKMARK [1][-]{section.2.2}{\376\377\000M\000o\000d\000e\000l\000o\000s\000\040\000d\000e\000\040\000A\000m\000e\000n\000a\000z\000a\000s}{chapter.2}% 53
\BOOKMARK [2][-]{subsection.2.2.1}{\376\377\000E\000j\000e\000m\000p\000l\000o\000\040\000d\000e\000\040\000M\000o\000d\000e\000l\000a\000d\000o\000\040\000d\000e\000\040\000A\000m\000e\000n\000a\000z\000a\000s\000:\000\040\000H\000T\000T\000P\000S}{section.2.2}% 54
\BOOKMARK [1][-]{section.2.3}{\376\377\000G\000e\000s\000t\000i\000\363\000n\000\040\000d\000e\000\040\000R\000i\000e\000s\000g\000o\000s}{chapter.2}% 55
\BOOKMARK [2][-]{subsection.2.3.1}{\376\377\000A\000n\000\341\000l\000i\000s\000i\000s\000\040\000d\000e\000\040\000R\000i\000e\000s\000g\000o\000s}{section.2.3}% 56
\BOOKMARK [2][-]{subsection.2.3.2}{\376\377\000D\000e\000t\000e\000r\000m\000i\000n\000a\000c\000i\000\363\000n\000\040\000d\000e\000\040\000l\000a\000\040\000P\000r\000o\000b\000a\000b\000i\000l\000i\000d\000a\000d}{section.2.3}% 57
\BOOKMARK [2][-]{subsection.2.3.3}{\376\377\000D\000e\000t\000e\000r\000m\000i\000n\000a\000c\000i\000\363\000n\000\040\000d\000e\000\040\000C\000o\000n\000s\000e\000c\000u\000e\000n\000c\000i\000a\000s}{section.2.3}% 58
\BOOKMARK [1][-]{section.2.4}{\376\377\000S\000u\000p\000e\000r\000f\000i\000c\000i\000e\000\040\000d\000e\000\040\000A\000t\000a\000q\000u\000e}{chapter.2}% 59
\BOOKMARK [2][-]{subsection.2.4.1}{\376\377\000E\000j\000e\000m\000p\000l\000o\000s\000\040\000d\000e\000\040\000S\000u\000p\000e\000r\000f\000i\000c\000i\000e\000\040\000d\000e\000\040\000A\000t\000a\000q\000u\000e}{section.2.4}% 60
\BOOKMARK [1][-]{section.2.5}{\376\377\000E\000s\000t\000r\000a\000t\000e\000g\000i\000a\000\040\000d\000e\000\040\000S\000e\000g\000u\000r\000i\000d\000a\000d}{chapter.2}% 61
\BOOKMARK [2][-]{subsection.2.5.1}{\376\377\000P\000r\000e\000v\000e\000n\000c\000i\000\363\000n\000\040\000y\000\040\000D\000e\000t\000e\000c\000c\000i\000\363\000n}{section.2.5}% 62
\BOOKMARK [2][-]{subsection.2.5.2}{\376\377\000P\000r\000u\000e\000b\000a\000s\000\040\000d\000e\000\040\000S\000e\000g\000u\000r\000i\000d\000a\000d}{section.2.5}% 63
\BOOKMARK [1][-]{section.2.6}{\376\377\000\040\000A\000n\000\341\000l\000i\000s\000i\000s\000\040\000d\000e\000\040\000R\000i\000e\000s\000g\000o\000s}{chapter.2}% 64
\BOOKMARK [2][-]{subsection.2.6.1}{\376\377\000P\000r\000i\000o\000r\000i\000d\000a\000d\000\040\000d\000e\000\040\000R\000i\000e\000s\000g\000o\000s}{section.2.6}% 65
\BOOKMARK [1][-]{section.2.7}{\376\377\000S\000u\000p\000e\000r\000f\000i\000c\000i\000e\000\040\000d\000e\000\040\000A\000t\000a\000q\000u\000e}{chapter.2}% 66
\BOOKMARK [2][-]{subsection.2.7.1}{\376\377\000E\000j\000e\000m\000p\000l\000o\000s\000\040\000d\000e\000\040\000S\000u\000p\000e\000r\000f\000i\000c\000i\000e\000\040\000d\000e\000\040\000A\000t\000a\000q\000u\000e}{section.2.7}% 67
\BOOKMARK [1][-]{section.2.8}{\376\377\000E\000s\000t\000r\000a\000t\000e\000g\000i\000a\000\040\000d\000e\000\040\000S\000e\000g\000u\000r\000i\000d\000a\000d}{chapter.2}% 68
\BOOKMARK [2][-]{subsection.2.8.1}{\376\377\000P\000r\000e\000v\000e\000n\000c\000i\000\363\000n\000\040\000y\000\040\000D\000e\000t\000e\000c\000c\000i\000\363\000n}{section.2.8}% 69
\BOOKMARK [2][-]{subsection.2.8.2}{\376\377\000P\000r\000u\000e\000b\000a\000s\000\040\000d\000e\000\040\000S\000e\000g\000u\000r\000i\000d\000a\000d}{section.2.8}% 70
\BOOKMARK [1][-]{section.2.9}{\376\377\000A\000m\000e\000n\000a\000z\000a\000s\000\040\000y\000\040\000A\000t\000a\000q\000u\000e\000s}{chapter.2}% 71
\BOOKMARK [1][-]{section.2.10}{\376\377\000S\000o\000f\000t\000w\000a\000r\000e\000\040\000M\000a\000l\000i\000c\000i\000o\000s\000o\000\040\000\050\000M\000a\000l\000w\000a\000r\000e\000\051}{chapter.2}% 72
\BOOKMARK [2][-]{subsection.2.10.1}{\376\377\000D\000e\000f\000i\000n\000i\000c\000i\000\363\000n\000\040\000y\000\040\000c\000l\000a\000s\000i\000f\000i\000c\000a\000c\000i\000\363\000n\000\040\000d\000e\000l\000\040\000m\000a\000l\000w\000a\000r\000e}{section.2.10}% 73
\BOOKMARK [2][-]{subsection.2.10.2}{\376\377\000T\000i\000p\000o\000s\000\040\000p\000r\000i\000n\000c\000i\000p\000a\000l\000e\000s\000\040\000d\000e\000\040\000m\000a\000l\000w\000a\000r\000e}{section.2.10}% 74
\BOOKMARK [2][-]{subsection.2.10.3}{\376\377\000M\000\351\000t\000o\000d\000o\000s\000\040\000d\000e\000\040\000p\000r\000o\000p\000a\000g\000a\000c\000i\000\363\000n\000\040\000d\000e\000l\000\040\000m\000a\000l\000w\000a\000r\000e}{section.2.10}% 75
\BOOKMARK [2][-]{subsection.2.10.4}{\376\377\000D\000e\000t\000e\000c\000c\000i\000\363\000n\000\040\000y\000\040\000p\000r\000e\000v\000e\000n\000c\000i\000\363\000n\000\040\000d\000e\000l\000\040\000m\000a\000l\000w\000a\000r\000e}{section.2.10}% 76
\BOOKMARK [2][-]{subsection.2.10.5}{\376\377\000I\000m\000p\000a\000c\000t\000o\000\040\000d\000e\000l\000\040\000m\000a\000l\000w\000a\000r\000e\000\040\000e\000n\000\040\000l\000a\000\040\000s\000e\000g\000u\000r\000i\000d\000a\000d}{section.2.10}% 77
\BOOKMARK [2][-]{subsection.2.10.6}{\376\377\000T\000e\000n\000d\000e\000n\000c\000i\000a\000s\000\040\000a\000c\000t\000u\000a\000l\000e\000s\000\040\000e\000n\000\040\000m\000a\000l\000w\000a\000r\000e}{section.2.10}% 78
\BOOKMARK [1][-]{section.2.11}{\376\377\000A\000t\000a\000q\000u\000e\000s\000\040\000d\000e\000\040\000D\000e\000n\000i\000a\000l\000\040\000o\000f\000\040\000S\000e\000r\000v\000i\000c\000e\000\040\000\050\000D\000o\000S\000\051}{chapter.2}% 79
\BOOKMARK [2][-]{subsection.2.11.1}{\376\377\000D\000e\000f\000i\000n\000i\000c\000i\000\363\000n\000\040\000y\000\040\000c\000a\000r\000a\000c\000t\000e\000r\000\355\000s\000t\000i\000c\000a\000s\000\040\000d\000e\000\040\000l\000o\000s\000\040\000a\000t\000a\000q\000u\000e\000s\000\040\000D\000o\000S}{section.2.11}% 80
\BOOKMARK [2][-]{subsection.2.11.2}{\376\377\000C\000a\000t\000e\000g\000o\000r\000\355\000a\000s\000\040\000d\000e\000\040\000r\000e\000c\000u\000r\000s\000o\000s\000\040\000a\000t\000a\000c\000a\000d\000o\000s}{section.2.11}% 81
\BOOKMARK [2][-]{subsection.2.11.3}{\376\377\000A\000t\000a\000q\000u\000e\000s\000\040\000D\000o\000S\000\040\000c\000l\000\341\000s\000i\000c\000o\000s}{section.2.11}% 82
\BOOKMARK [2][-]{subsection.2.11.4}{\376\377\000A\000t\000a\000q\000u\000e\000s\000\040\000D\000o\000S\000\040\000d\000i\000s\000t\000r\000i\000b\000u\000i\000d\000o\000s\000\040\000\050\000D\000D\000o\000S\000\051}{section.2.11}% 83
\BOOKMARK [2][-]{subsection.2.11.5}{\376\377\000A\000t\000a\000q\000u\000e\000s\000\040\000D\000o\000S\000\040\000c\000o\000n\000\040\000d\000i\000s\000p\000o\000s\000i\000t\000i\000v\000o\000s\000\040\000I\000o\000T}{section.2.11}% 84
\BOOKMARK [2][-]{subsection.2.11.6}{\376\377\000M\000o\000t\000i\000v\000a\000c\000i\000o\000n\000e\000s\000\040\000d\000e\000\040\000l\000o\000s\000\040\000a\000t\000a\000q\000u\000e\000s\000\040\000D\000o\000S}{section.2.11}% 85
\BOOKMARK [2][-]{subsection.2.11.7}{\376\377\000M\000e\000d\000i\000d\000a\000s\000\040\000d\000e\000\040\000d\000e\000f\000e\000n\000s\000a\000\040\000c\000o\000n\000t\000r\000a\000\040\000a\000t\000a\000q\000u\000e\000s\000\040\000D\000o\000S}{section.2.11}% 86
\BOOKMARK [2][-]{subsection.2.11.8}{\376\377\000I\000m\000p\000a\000c\000t\000o\000\040\000y\000\040\000c\000o\000n\000s\000e\000c\000u\000e\000n\000c\000i\000a\000s}{section.2.11}% 87
\BOOKMARK [2][-]{subsection.2.11.9}{\376\377\000T\000e\000n\000d\000e\000n\000c\000i\000a\000s\000\040\000a\000c\000t\000u\000a\000l\000e\000s}{section.2.11}% 88
\BOOKMARK [0][-]{chapter.3}{\376\377\000S\000e\000g\000u\000r\000i\000d\000a\000d\000\040\000d\000e\000\040\000R\000e\000d\000e\000s\000\040\000y\000\040\000P\000r\000o\000t\000o\000c\000o\000l\000o\000s}{}% 89
\BOOKMARK [1][-]{section.3.1}{\376\377\000I\000n\000t\000r\000o\000d\000u\000c\000c\000i\000\363\000n\000\040\000a\000\040\000l\000a\000\040\000s\000e\000g\000u\000r\000i\000d\000a\000d\000\040\000d\000e\000\040\000r\000e\000d\000e\000s}{chapter.3}% 90
\BOOKMARK [2][-]{subsection.3.1.1}{\376\377\000\277\000P\000o\000r\000\040\000q\000u\000\351\000\040\000e\000s\000\040\000i\000m\000p\000o\000r\000t\000a\000n\000t\000e\000\040\000l\000a\000\040\000s\000e\000g\000u\000r\000i\000d\000a\000d\000\040\000d\000e\000\040\000r\000e\000d\000e\000s\000?}{section.3.1}% 91
\BOOKMARK [2][-]{subsection.3.1.2}{\376\377\000P\000r\000i\000n\000c\000i\000p\000i\000o\000s\000\040\000f\000u\000n\000d\000a\000m\000e\000n\000t\000a\000l\000e\000s\000\040\000d\000e\000\040\000s\000e\000g\000u\000r\000i\000d\000a\000d\000\040\000d\000e\000\040\000r\000e\000d\000e\000s}{section.3.1}% 92
\BOOKMARK [1][-]{section.3.2}{\376\377\000S\000e\000g\000u\000r\000i\000d\000a\000d\000\040\000e\000n\000\040\000r\000e\000d\000e\000s\000\040\000i\000n\000a\000l\000\341\000m\000b\000r\000i\000c\000a\000s\000\040\000\050\000W\000i\000F\000i\000\051}{chapter.3}% 93
\BOOKMARK [2][-]{subsection.3.2.1}{\376\377\000C\000a\000r\000a\000c\000t\000e\000r\000\355\000s\000t\000i\000c\000a\000s\000\040\000\372\000n\000i\000c\000a\000s\000\040\000d\000e\000\040\000l\000a\000s\000\040\000r\000e\000d\000e\000s\000\040\000i\000n\000a\000l\000\341\000m\000b\000r\000i\000c\000a\000s}{section.3.2}% 94
\BOOKMARK [2][-]{subsection.3.2.2}{\376\377\000C\000o\000m\000p\000o\000n\000e\000n\000t\000e\000s\000\040\000d\000e\000l\000\040\000e\000n\000t\000o\000r\000n\000o\000\040\000i\000n\000a\000l\000\341\000m\000b\000r\000i\000c\000o}{section.3.2}% 95
\BOOKMARK [2][-]{subsection.3.2.3}{\376\377\000A\000m\000e\000n\000a\000z\000a\000s\000\040\000e\000s\000p\000e\000c\000\355\000f\000i\000c\000a\000s\000\040\000a\000\040\000r\000e\000d\000e\000s\000\040\000i\000n\000a\000l\000\341\000m\000b\000r\000i\000c\000a\000s}{section.3.2}% 96
\BOOKMARK [2][-]{subsection.3.2.4}{\376\377\000M\000e\000d\000i\000d\000a\000s\000\040\000d\000e\000\040\000s\000e\000g\000u\000r\000i\000d\000a\000d\000\040\000p\000a\000r\000a\000\040\000t\000r\000a\000n\000s\000m\000i\000s\000i\000o\000n\000e\000s\000\040\000i\000n\000a\000l\000\341\000m\000b\000r\000i\000c\000a\000s}{section.3.2}% 97
\BOOKMARK [2][-]{subsection.3.2.5}{\376\377\000E\000s\000t\000\341\000n\000d\000a\000r\000e\000s\000\040\000d\000e\000\040\000s\000e\000g\000u\000r\000i\000d\000a\000d\000\040\000W\000i\000F\000i}{section.3.2}% 98
\BOOKMARK [2][-]{subsection.3.2.6}{\376\377\000W\000i\000F\000i\000\040\000P\000r\000o\000t\000e\000c\000t\000e\000d\000\040\000A\000c\000c\000e\000s\000s\000\040\000\050\000W\000P\000A\000\051}{section.3.2}% 99
\BOOKMARK [2][-]{subsection.3.2.7}{\376\377\000A\000u\000t\000e\000n\000t\000i\000c\000a\000c\000i\000\363\000n\000\040\0008\0000\0002\000.\0001\000X}{section.3.2}% 100
\BOOKMARK [2][-]{subsection.3.2.8}{\376\377\000M\000e\000j\000o\000r\000e\000s\000\040\000p\000r\000\341\000c\000t\000i\000c\000a\000s\000\040\000d\000e\000\040\000s\000e\000g\000u\000r\000i\000d\000a\000d\000\040\000W\000i\000F\000i}{section.3.2}% 101
\BOOKMARK [2][-]{subsection.3.2.9}{\376\377\000V\000u\000l\000n\000e\000r\000a\000b\000i\000l\000i\000d\000a\000d\000e\000s\000\040\000e\000s\000p\000e\000c\000\355\000f\000i\000c\000a\000s\000\040\000d\000e\000\040\000W\000i\000F\000i}{section.3.2}% 102
\BOOKMARK [2][-]{subsection.3.2.10}{\376\377\000S\000e\000g\000u\000r\000i\000d\000a\000d\000\040\000e\000n\000\040\000d\000i\000s\000p\000o\000s\000i\000t\000i\000v\000o\000s\000\040\000m\000\363\000v\000i\000l\000e\000s}{section.3.2}% 103
\BOOKMARK [2][-]{subsection.3.2.11}{\376\377\000H\000e\000r\000r\000a\000m\000i\000e\000n\000t\000a\000s\000\040\000d\000e\000\040\000s\000e\000g\000u\000r\000i\000d\000a\000d\000\040\000W\000i\000F\000i}{section.3.2}% 104
\BOOKMARK [2][-]{subsection.3.2.12}{\376\377\000C\000o\000n\000s\000i\000d\000e\000r\000a\000c\000i\000o\000n\000e\000s\000\040\000d\000e\000\040\000c\000u\000m\000p\000l\000i\000m\000i\000e\000n\000t\000o}{section.3.2}% 105
\BOOKMARK [2][-]{subsection.3.2.13}{\376\377\000C\000a\000p\000a\000\040\0007\000:\000\040\000A\000p\000l\000i\000c\000a\000c\000i\000\363\000n\000\040\000-\000\040\000S\000e\000g\000u\000r\000i\000d\000a\000d\000\040\000a\000\040\000n\000i\000v\000e\000l\000\040\000d\000e\000\040\000a\000p\000l\000i\000c\000a\000c\000i\000\363\000n}{section.3.2}% 106
\BOOKMARK [2][-]{subsection.3.2.14}{\376\377\000C\000a\000p\000a\000\040\0006\000:\000\040\000P\000r\000e\000s\000e\000n\000t\000a\000c\000i\000\363\000n\000\040\000-\000\040\000S\000e\000g\000u\000r\000i\000d\000a\000d\000\040\000d\000e\000\040\000d\000a\000t\000o\000s}{section.3.2}% 107
\BOOKMARK [2][-]{subsection.3.2.15}{\376\377\000C\000a\000p\000a\000\040\0005\000:\000\040\000S\000e\000s\000i\000\363\000n\000\040\000-\000\040\000S\000e\000g\000u\000r\000i\000d\000a\000d\000\040\000d\000e\000\040\000s\000e\000s\000i\000o\000n\000e\000s}{section.3.2}% 108
\BOOKMARK [2][-]{subsection.3.2.16}{\376\377\000C\000a\000p\000a\000\040\0004\000:\000\040\000T\000r\000a\000n\000s\000p\000o\000r\000t\000e\000\040\000-\000\040\000S\000e\000g\000u\000r\000i\000d\000a\000d\000\040\000d\000e\000\040\000t\000r\000a\000n\000s\000p\000o\000r\000t\000e}{section.3.2}% 109
\BOOKMARK [2][-]{subsection.3.2.17}{\376\377\000C\000a\000p\000a\000\040\0003\000:\000\040\000R\000e\000d\000\040\000-\000\040\000S\000e\000g\000u\000r\000i\000d\000a\000d\000\040\000d\000e\000\040\000r\000e\000d}{section.3.2}% 110
\BOOKMARK [2][-]{subsection.3.2.18}{\376\377\000C\000a\000p\000a\000\040\0002\000:\000\040\000E\000n\000l\000a\000c\000e\000\040\000d\000e\000\040\000D\000a\000t\000o\000s\000\040\000-\000\040\000S\000e\000g\000u\000r\000i\000d\000a\000d\000\040\000d\000e\000\040\000e\000n\000l\000a\000c\000e}{section.3.2}% 111
\BOOKMARK [2][-]{subsection.3.2.19}{\376\377\000C\000a\000p\000a\000\040\0001\000:\000\040\000F\000\355\000s\000i\000c\000a\000\040\000-\000\040\000S\000e\000g\000u\000r\000i\000d\000a\000d\000\040\000f\000\355\000s\000i\000c\000a}{section.3.2}% 112
\BOOKMARK [1][-]{section.3.3}{\376\377\000C\000a\000s\000o\000s\000\040\000d\000e\000\040\000e\000s\000t\000u\000d\000i\000o\000:\000\040\000A\000t\000a\000q\000u\000e\000s\000\040\000p\000o\000r\000\040\000c\000a\000p\000a}{chapter.3}% 113
\BOOKMARK [2][-]{subsection.3.3.1}{\376\377\000C\000a\000s\000o\000\040\0001\000:\000\040\000A\000t\000a\000q\000u\000e\000\040\000a\000\040\000n\000i\000v\000e\000l\000\040\000d\000e\000\040\000a\000p\000l\000i\000c\000a\000c\000i\000\363\000n\000\040\000-\000\040\000S\000Q\000L\000\040\000I\000n\000j\000e\000c\000t\000i\000o\000n}{section.3.3}% 114
\BOOKMARK [2][-]{subsection.3.3.2}{\376\377\000C\000a\000s\000o\000\040\0002\000:\000\040\000A\000t\000a\000q\000u\000e\000\040\000a\000\040\000n\000i\000v\000e\000l\000\040\000d\000e\000\040\000t\000r\000a\000n\000s\000p\000o\000r\000t\000e\000\040\000-\000\040\000S\000Y\000N\000\040\000F\000l\000o\000o\000d}{section.3.3}% 115
\BOOKMARK [2][-]{subsection.3.3.3}{\376\377\000C\000a\000s\000o\000\040\0003\000:\000\040\000A\000t\000a\000q\000u\000e\000\040\000a\000\040\000n\000i\000v\000e\000l\000\040\000d\000e\000\040\000r\000e\000d\000\040\000-\000\040\000M\000a\000n\000-\000i\000n\000-\000t\000h\000e\000-\000M\000i\000d\000d\000l\000e}{section.3.3}% 116
\BOOKMARK [1][-]{section.3.4}{\376\377\000H\000e\000r\000r\000a\000m\000i\000e\000n\000t\000a\000s\000\040\000d\000e\000\040\000s\000e\000g\000u\000r\000i\000d\000a\000d\000\040\000d\000e\000\040\000r\000e\000d\000e\000s}{chapter.3}% 117
\BOOKMARK [2][-]{subsection.3.4.1}{\376\377\000H\000e\000r\000r\000a\000m\000i\000e\000n\000t\000a\000s\000\040\000d\000e\000\040\000a\000n\000\341\000l\000i\000s\000i\000s\000\040\000d\000e\000\040\000t\000r\000\341\000f\000i\000c\000o}{section.3.4}% 118
\BOOKMARK [2][-]{subsection.3.4.2}{\376\377\000H\000e\000r\000r\000a\000m\000i\000e\000n\000t\000a\000s\000\040\000d\000e\000\040\000m\000o\000n\000i\000t\000o\000r\000e\000o}{section.3.4}% 119
\BOOKMARK [2][-]{subsection.3.4.3}{\376\377\000H\000e\000r\000r\000a\000m\000i\000e\000n\000t\000a\000s\000\040\000d\000e\000\040\000a\000n\000\341\000l\000i\000s\000i\000s\000\040\000d\000e\000\040\000v\000u\000l\000n\000e\000r\000a\000b\000i\000l\000i\000d\000a\000d\000e\000s}{section.3.4}% 120
\BOOKMARK [1][-]{section.3.5}{\376\377\000M\000e\000j\000o\000r\000e\000s\000\040\000p\000r\000\341\000c\000t\000i\000c\000a\000s\000\040\000d\000e\000\040\000s\000e\000g\000u\000r\000i\000d\000a\000d\000\040\000d\000e\000\040\000r\000e\000d\000e\000s}{chapter.3}% 121
\BOOKMARK [2][-]{subsection.3.5.1}{\376\377\000A\000r\000q\000u\000i\000t\000e\000c\000t\000u\000r\000a\000\040\000d\000e\000\040\000r\000e\000d\000\040\000s\000e\000g\000u\000r\000a}{section.3.5}% 122
\BOOKMARK [2][-]{subsection.3.5.2}{\376\377\000C\000o\000n\000t\000r\000o\000l\000\040\000d\000e\000\040\000a\000c\000c\000e\000s\000o}{section.3.5}% 123
\BOOKMARK [2][-]{subsection.3.5.3}{\376\377\000M\000o\000n\000i\000t\000o\000r\000e\000o\000\040\000y\000\040\000r\000e\000s\000p\000u\000e\000s\000t\000a}{section.3.5}% 124
\BOOKMARK [1][-]{section.3.6}{\376\377\000T\000e\000n\000d\000e\000n\000c\000i\000a\000s\000\040\000e\000m\000e\000r\000g\000e\000n\000t\000e\000s\000\040\000e\000n\000\040\000s\000e\000g\000u\000r\000i\000d\000a\000d\000\040\000d\000e\000\040\000r\000e\000d\000e\000s}{chapter.3}% 125
\BOOKMARK [2][-]{subsection.3.6.1}{\376\377\000S\000e\000g\000u\000r\000i\000d\000a\000d\000\040\000d\000e\000f\000i\000n\000i\000d\000a\000\040\000p\000o\000r\000\040\000s\000o\000f\000t\000w\000a\000r\000e\000\040\000\050\000S\000D\000S\000\051}{section.3.6}% 126
\BOOKMARK [2][-]{subsection.3.6.2}{\376\377\000A\000u\000t\000o\000m\000a\000t\000i\000z\000a\000c\000i\000\363\000n\000\040\000e\000\040\000i\000n\000t\000e\000l\000i\000g\000e\000n\000c\000i\000a\000\040\000a\000r\000t\000i\000f\000i\000c\000i\000a\000l}{section.3.6}% 127
\BOOKMARK [2][-]{subsection.3.6.3}{\376\377\000S\000e\000g\000u\000r\000i\000d\000a\000d\000\040\000e\000n\000\040\000r\000e\000d\000e\000s\000\040\0005\000G\000/\0006\000G}{section.3.6}% 128
\BOOKMARK [1][-]{section.3.7}{\376\377\000C\000o\000n\000c\000l\000u\000s\000i\000o\000n\000e\000s}{chapter.3}% 129
\BOOKMARK [1][-]{section.3.8}{\376\377\000C\000a\000s\000o\000s\000\040\000d\000e\000\040\000e\000s\000t\000u\000d\000i\000o\000\040\000a\000d\000i\000c\000i\000o\000n\000a\000l\000e\000s}{chapter.3}% 130
\BOOKMARK [2][-]{subsection.3.8.1}{\376\377\000C\000a\000s\000o\000\040\0003\000:\000\040\000A\000n\000\341\000l\000i\000s\000i\000s\000\040\000d\000e\000\040\000i\000n\000c\000i\000d\000e\000n\000t\000e\000\040\000D\000N\000S}{section.3.8}% 131
\BOOKMARK [2][-]{subsection.3.8.2}{\376\377\000C\000a\000s\000o\000\040\0004\000:\000\040\000I\000n\000c\000i\000d\000e\000n\000t\000e\000\040\000d\000e\000\040\000p\000u\000e\000r\000t\000o\000\040\000H\000T\000T\000P\000S\000\040\000b\000l\000o\000q\000u\000e\000a\000d\000o}{section.3.8}% 132
\BOOKMARK [1][-]{section.3.9}{\376\377\000T\000\351\000c\000n\000i\000c\000a\000s\000\040\000d\000e\000\040\000e\000v\000a\000s\000i\000\363\000n\000\040\000y\000\040\000a\000t\000a\000q\000u\000e\000s\000\040\000a\000v\000a\000n\000z\000a\000d\000o\000s}{chapter.3}% 133
\BOOKMARK [2][-]{subsection.3.9.1}{\376\377\000F\000a\000s\000t\000\040\000F\000l\000u\000x}{section.3.9}% 134
\BOOKMARK [2][-]{subsection.3.9.2}{\376\377\000A\000t\000a\000q\000u\000e\000s\000\040\000P\000u\000n\000y\000c\000o\000d\000e}{section.3.9}% 135
\BOOKMARK [2][-]{subsection.3.9.3}{\376\377\000U\000R\000L\000\040\000S\000h\000o\000r\000t\000e\000n\000e\000r\000s\000\040\000m\000a\000l\000i\000c\000i\000o\000s\000o\000s}{section.3.9}% 136
\BOOKMARK [2][-]{subsection.3.9.4}{\376\377\000E\000v\000a\000s\000i\000\363\000n\000\040\000d\000e\000\040\000d\000e\000t\000e\000c\000c\000i\000\363\000n\000\040\000p\000o\000r\000\040\000h\000a\000s\000h}{section.3.9}% 137
\BOOKMARK [1][-]{section.3.10}{\376\377\000H\000e\000r\000r\000a\000m\000i\000e\000n\000t\000a\000s\000\040\000e\000s\000p\000e\000c\000\355\000f\000i\000c\000a\000s\000\040\000d\000e\000\040\000a\000n\000\341\000l\000i\000s\000i\000s\000\040\000d\000e\000\040\000r\000e\000d}{chapter.3}% 138
\BOOKMARK [2][-]{subsection.3.10.1}{\376\377\000N\000m\000a\000p\000\040\000\050\000N\000e\000t\000w\000o\000r\000k\000\040\000M\000a\000p\000p\000e\000r\000\051}{section.3.10}% 139
\BOOKMARK [2][-]{subsection.3.10.2}{\376\377\000N\000e\000t\000c\000a\000t}{section.3.10}% 140
\BOOKMARK [2][-]{subsection.3.10.3}{\376\377\000S\000n\000o\000r\000t\000\040\000-\000\040\000S\000i\000s\000t\000e\000m\000a\000\040\000d\000e\000\040\000d\000e\000t\000e\000c\000c\000i\000\363\000n\000\040\000d\000e\000\040\000i\000n\000t\000r\000u\000s\000i\000o\000n\000e\000s}{section.3.10}% 141
\BOOKMARK [1][-]{section.3.11}{\376\377\000C\000o\000n\000t\000r\000o\000l\000e\000s\000\040\000d\000e\000\040\000s\000e\000g\000u\000r\000i\000d\000a\000d\000\040\000e\000s\000p\000e\000c\000\355\000f\000i\000c\000o\000s}{chapter.3}% 142
\BOOKMARK [2][-]{subsection.3.11.1}{\376\377\000N\000A\000T\000\040\000\050\000N\000e\000t\000w\000o\000r\000k\000\040\000A\000d\000d\000r\000e\000s\000s\000\040\000T\000r\000a\000n\000s\000l\000a\000t\000i\000o\000n\000\051}{section.3.11}% 143
\BOOKMARK [2][-]{subsection.3.11.2}{\376\377\000F\000i\000l\000t\000r\000a\000d\000o\000\040\000d\000e\000\040\000p\000a\000q\000u\000e\000t\000e\000s}{section.3.11}% 144
\BOOKMARK [2][-]{subsection.3.11.3}{\376\377\000C\000o\000n\000t\000r\000o\000l\000\040\000d\000e\000\040\000a\000c\000c\000e\000s\000o\000\040\000a\000\040\000l\000a\000\040\000r\000e\000d\000\040\000\050\000N\000A\000C\000\051}{section.3.11}% 145
\BOOKMARK [2][-]{subsection.3.11.4}{\376\377\000G\000e\000s\000t\000i\000\363\000n\000\040\000d\000e\000\040\000i\000d\000e\000n\000t\000i\000d\000a\000d\000\040\000y\000\040\000a\000c\000c\000e\000s\000o\000\040\000\050\000I\000A\000M\000\051}{section.3.11}% 146
\BOOKMARK [2][-]{subsection.3.11.5}{\376\377\000B\000a\000l\000a\000n\000c\000e\000o\000\040\000d\000e\000\040\000c\000a\000r\000g\000a}{section.3.11}% 147
\BOOKMARK [2][-]{subsection.3.11.6}{\376\377\000S\000e\000g\000m\000e\000n\000t\000a\000c\000i\000\363\000n\000\040\000d\000e\000\040\000r\000e\000d}{section.3.11}% 148
\BOOKMARK [1][-]{section.3.12}{\376\377\000A\000n\000\341\000l\000i\000s\000i\000s\000\040\000d\000e\000\040\000t\000r\000\341\000f\000i\000c\000o\000\040\000d\000e\000t\000a\000l\000l\000a\000d\000o}{chapter.3}% 149
\BOOKMARK [2][-]{subsection.3.12.1}{\376\377\000T\000\351\000c\000n\000i\000c\000a\000s\000\040\000d\000e\000\040\000a\000n\000\341\000l\000i\000s\000i\000s}{section.3.12}% 150
\BOOKMARK [2][-]{subsection.3.12.2}{\376\377\000I\000n\000s\000p\000e\000c\000c\000i\000\363\000n\000\040\000p\000r\000o\000f\000u\000n\000d\000a\000\040\000d\000e\000\040\000p\000a\000q\000u\000e\000t\000e\000s\000\040\000\050\000D\000P\000I\000\051}{section.3.12}% 151
\BOOKMARK [1][-]{section.3.13}{\376\377\000Z\000e\000r\000o\000\040\000T\000r\000u\000s\000t\000\040\000M\000i\000c\000r\000o\000s\000o\000f\000t}{chapter.3}% 152
\BOOKMARK [1][-]{section.3.14}{\376\377\000R\000e\000f\000e\000r\000e\000n\000c\000i\000a\000s\000\040\000y\000\040\000r\000e\000c\000u\000r\000s\000o\000s\000\040\000a\000d\000i\000c\000i\000o\000n\000a\000l\000e\000s}{chapter.3}% 153
\BOOKMARK [2][-]{subsection.3.14.1}{\376\377\000O\000r\000g\000a\000n\000i\000z\000a\000c\000i\000o\000n\000e\000s\000\040\000d\000e\000\040\000s\000e\000g\000u\000r\000i\000d\000a\000d}{section.3.14}% 154
\BOOKMARK [2][-]{subsection.3.14.2}{\376\377\000L\000e\000c\000t\000u\000r\000a\000s\000\040\000r\000e\000c\000o\000m\000e\000n\000d\000a\000d\000a\000s}{section.3.14}% 155
\BOOKMARK [1][-]{section.3.15}{\376\377\000A\000t\000a\000q\000u\000e\000s}{chapter.3}% 156
\BOOKMARK [2][-]{subsection.3.15.1}{\376\377\000C\000a\000s\000o\000s}{section.3.15}% 157
\BOOKMARK [0][-]{chapter.4}{\376\377\000C\000o\000m\000a\000n\000d\000o\000s\000\040\000S\000O\000\040\000L\000i\000n\000u\000x}{}% 158
